{"logTime": "0421/011432", "correlationVector":"dxU9i6mriMcVt1owSQe24B","action":"Commit Request", "result":"", "context":Item count: 1
Contributing types: Sessions}
{"logTime": "0421/011432", "correlationVector":"dxU9i6mriMcVt1owSQe24B.1","action":"SyncServerConnectionManagerRequest", "result":"SYNC_SERVER_OK", "context":{"environment":"Prod_EastUS2_000e", "migrationStage":"NotStarted", "server":"GENERAL0100001M"}}
{"logTime": "0421/011432", "correlationVector":"dxU9i6mriMcVt1owSQe24B.2","action":"Commit Response", "result":"Success", "context":Result: Success. cV=dxU9i6mriMcVt1owSQe24B.0;server=GENERAL0100001M;cloudType=Consumer;environment=Prod_EastUS2_000e;migrationStage=NotStarted}
{"logTime": "0421/011503", "correlationVector":"Wf8hST1bVseVTLJNix6cLH","action":"Commit Request", "result":"", "context":Item count: 1
Contributing types: Sessions}
{"logTime": "0421/011503", "correlationVector":"Wf8hST1bVseVTLJNix6cLH.1","action":"SyncServerConnectionManagerRequest", "result":"SYNC_SERVER_OK", "context":{"environment":"Prod_EastUS2_000e", "migrationStage":"NotStarted", "server":"GENERAL01000009"}}
{"logTime": "0421/011503", "correlationVector":"Wf8hST1bVseVTLJNix6cLH.2","action":"Commit Response", "result":"Success", "context":Result: Success. cV=Wf8hST1bVseVTLJNix6cLH.0;server=GENERAL01000009;cloudType=Consumer;environment=Prod_EastUS2_000e;migrationStage=NotStarted}
{"logTime": "0421/011547", "correlationVector":"XYCzfjvTVcZ4La8xsD5x8x","action":"Commit Request", "result":"", "context":Item count: 1
Contributing types: Sessions}
{"logTime": "0421/011547", "correlationVector":"XYCzfjvTVcZ4La8xsD5x8x.1","action":"SyncServerConnectionManagerRequest", "result":"SYNC_SERVER_OK", "context":{"environment":"Prod_EastUS2_000e", "migrationStage":"NotStarted", "server":"GENERAL0100000T"}}
{"logTime": "0421/011547", "correlationVector":"XYCzfjvTVcZ4La8xsD5x8x.2","action":"Commit Response", "result":"Success", "context":Result: Success. cV=XYCzfjvTVcZ4La8xsD5x8x.0;server=GENERAL0100000T;cloudType=Consumer;environment=Prod_EastUS2_000e;migrationStage=NotStarted}
{"logTime": "0421/011647", "correlationVector":"iEXjmIsuLn9RREQaBVY2vW","action":"Commit Request", "result":"", "context":Item count: 1
Contributing types: Sessions}
{"logTime": "0421/011647", "correlationVector":"iEXjmIsuLn9RREQaBVY2vW.1","action":"SyncServerConnectionManagerRequest", "result":"SYNC_SERVER_OK", "context":{"environment":"Prod_EastUS2_000e", "migrationStage":"NotStarted", "server":"GENERAL01000009"}}
{"logTime": "0421/011647", "correlationVector":"iEXjmIsuLn9RREQaBVY2vW.2","action":"Commit Response", "result":"Success", "context":Result: Success. cV=iEXjmIsuLn9RREQaBVY2vW.0;server=GENERAL01000009;cloudType=Consumer;environment=Prod_EastUS2_000e;migrationStage=NotStarted}
{"logTime": "0421/011743", "correlationVector":"XcVDona/qQOSdFErnMuzxj","action":"Normal GetUpdate request", "result":"", "context":cV=XcVDona/qQOSdFErnMuzxj
Refresh requested types: Bookmarks, Preferences, Passwords, Autofill Profiles, Autofill, Typed URLs, Extensions, Sessions, Extension settings, History Delete Directives, Device Info, User Consents, Send Tab To Self, Web Apps, Collection, Edge E Drop, Edge Hub App Usage, Edge Tab Group, Edge Wallet, Encryption Keys}
{"logTime": "0421/011744", "correlationVector":"XcVDona/qQOSdFErnMuzxj.1","action":"SyncServerConnectionManagerRequest", "result":"SYNC_SERVER_OK", "context":{"environment":"Prod_EastUS2_000e", "migrationStage":"NotStarted", "server":"GENERAL01000011"}}
{"logTime": "0421/011744", "correlationVector":"XcVDona/qQOSdFErnMuzxj.2","action":"GetUpdates Response", "result":"Success", "context":Received 1 update(s). cV=XcVDona/qQOSdFErnMuzxj.0;server=GENERAL01000011;cloudType=Consumer;environment=Prod_EastUS2_000e;migrationStage=NotStarted}
{"logTime": "0421/011843", "correlationVector":"3nTZxShuEkS96vvQP9LsRa","action":"Commit Request", "result":"", "context":Item count: 1
Contributing types: Sessions}
{"logTime": "0421/011843", "correlationVector":"3nTZxShuEkS96vvQP9LsRa.1","action":"SyncServerConnectionManagerRequest", "result":"SYNC_SERVER_OK", "context":{"environment":"Prod_EastUS2_000e", "migrationStage":"NotStarted", "server":"GENERAL0100000A"}}
{"logTime": "0421/011843", "correlationVector":"3nTZxShuEkS96vvQP9LsRa.2","action":"Commit Response", "result":"Success", "context":Result: Success. cV=3nTZxShuEkS96vvQP9LsRa.0;server=GENERAL0100000A;cloudType=Consumer;environment=Prod_EastUS2_000e;migrationStage=NotStarted}
{"logTime": "0421/011913", "correlationVector":"1Zs+Vju53r6+SugBzL1KJV","action":"Commit Request", "result":"", "context":Item count: 1
Contributing types: Sessions}
{"logTime": "0421/011914", "correlationVector":"1Zs+Vju53r6+SugBzL1KJV.1","action":"SyncServerConnectionManagerRequest", "result":"SYNC_SERVER_OK", "context":{"environment":"Prod_EastUS2_000e", "migrationStage":"NotStarted", "server":"GENERAL0100000X"}}
{"logTime": "0421/011914", "correlationVector":"1Zs+Vju53r6+SugBzL1KJV.2","action":"Commit Response", "result":"Success", "context":Result: Success. cV=1Zs+Vju53r6+SugBzL1KJV.0;server=GENERAL0100000X;cloudType=Consumer;environment=Prod_EastUS2_000e;migrationStage=NotStarted}
{"logTime": "0421/012114", "correlationVector":"VN1ovELXoE9okM+XSFjrAo","action":"Commit Request", "result":"", "context":Item count: 1
Contributing types: Sessions}
{"logTime": "0421/012114", "correlationVector":"VN1ovELXoE9okM+XSFjrAo.1","action":"SyncServerConnectionManagerRequest", "result":"SYNC_SERVER_OK", "context":{"environment":"Prod_EastUS2_000e", "migrationStage":"NotStarted", "server":"GENERAL0100000R"}}
{"logTime": "0421/012114", "correlationVector":"VN1ovELXoE9okM+XSFjrAo.2","action":"Commit Response", "result":"Success", "context":Result: Success. cV=VN1ovELXoE9okM+XSFjrAo.0;server=GENERAL0100000R;cloudType=Consumer;environment=Prod_EastUS2_000e;migrationStage=NotStarted}
{"logTime": "0421/012537", "correlationVector":"AmoYKFpGwSMto+zppwxh8A","action":"Commit Request", "result":"", "context":Item count: 1
Contributing types: Sessions}
{"logTime": "0421/012537", "correlationVector":"AmoYKFpGwSMto+zppwxh8A.1","action":"SyncServerConnectionManagerRequest", "result":"SYNC_SERVER_OK", "context":{"environment":"Prod_EastUS2_000e", "migrationStage":"NotStarted", "server":"GENERAL01000033"}}
{"logTime": "0421/012537", "correlationVector":"AmoYKFpGwSMto+zppwxh8A.2","action":"Commit Response", "result":"Success", "context":Result: Success. cV=AmoYKFpGwSMto+zppwxh8A.0;server=GENERAL01000033;cloudType=Consumer;environment=Prod_EastUS2_000e;migrationStage=NotStarted}
{"logTime": "0421/021219", "correlationVector":"+6JjahIDcF/Gfg6MjZkgPE.1","action":"SyncServerConnectionManagerRequest", "result":"SYNC_SERVER_OK", "context":{"environment":"Prod_EastUS2_000e", "migrationStage":"NotStarted", "server":"GENERAL01000006"}}
{"logTime": "0421/021219", "correlationVector":"+6JjahIDcF/Gfg6MjZkgPE","action":"Initial GetUpdates", "result":"", "context":Reason: NEW_CLIENT. cV=+6JjahIDcF/Gfg6MjZkgPE}
{"logTime": "0421/021219", "correlationVector":"+6JjahIDcF/Gfg6MjZkgPE.2","action":"GetUpdates Response", "result":"Success", "context":Received 1 update(s). cV=+6JjahIDcF/Gfg6MjZkgPE.0;server=GENERAL01000006;cloudType=Consumer;environment=Prod_EastUS2_000e;migrationStage=NotStarted}
{"logTime": "0421/021219", "correlationVector":"KFIpItjAF2zJ3SDpZ+Os9W","action":"Initial GetUpdates", "result":"", "context":Reason: NEWLY_SUPPORTED_DATATYPE. cV=KFIpItjAF2zJ3SDpZ+Os9W}
{"logTime": "0421/021219", "correlationVector":"KFIpItjAF2zJ3SDpZ+Os9W.1","action":"SyncServerConnectionManagerRequest", "result":"SYNC_SERVER_OK", "context":{"environment":"Prod_EastUS2_000e", "migrationStage":"NotStarted", "server":"general0100002S"}}
{"logTime": "0421/021219", "correlationVector":"KFIpItjAF2zJ3SDpZ+Os9W.2","action":"GetUpdates Response", "result":"Success", "context":Received 10 update(s). cV=KFIpItjAF2zJ3SDpZ+Os9W.0;server=general0100002S;cloudType=Consumer;environment=Prod_EastUS2_000e;migrationStage=NotStarted}
{"logTime": "0421/021219", "correlationVector":"HwkgfmfSyeYC85aWiRK+NM","action":"SyncServerConnectionManagerRequest", "result":"SYNC_SERVER_OK", "context":{"environment":"", "migrationStage":"", "server":""}}
{"logTime": "0421/021219", "correlationVector":"ZGZpQ0PSas2THyR11KndRd","action":"Initial GetUpdates", "result":"", "context":Reason: NEWLY_SUPPORTED_DATATYPE. cV=ZGZpQ0PSas2THyR11KndRd}
{"logTime": "0421/021219", "correlationVector":"ZGZpQ0PSas2THyR11KndRd.1","action":"SyncServerConnectionManagerRequest", "result":"SYNC_SERVER_OK", "context":{"environment":"Prod_EastUS2_000e", "migrationStage":"NotStarted", "server":"GENERAL0100000R"}}
{"logTime": "0421/021219", "correlationVector":"ZGZpQ0PSas2THyR11KndRd.2","action":"GetUpdates Response", "result":"Success", "context":Received 0 update(s). cV=ZGZpQ0PSas2THyR11KndRd.0;server=GENERAL0100000R;cloudType=Consumer;environment=Prod_EastUS2_000e;migrationStage=NotStarted}
{"logTime": "0421/021219", "correlationVector":"cmnxPI2aj8CU+Irk7Yj4MU","action":"Normal GetUpdate request", "result":"", "context":cV=cmnxPI2aj8CU+Irk7Yj4MU
Nudged types: Sessions
Refresh requested types: Bookmarks, Preferences, Passwords, Autofill Profiles, Autofill, Typed URLs, Extensions, Sessions, Extension settings, History Delete Directives, Device Info, User Consents, Send Tab To Self, Web Apps, Collection, Edge E Drop, Edge Hub App Usage, Edge Tab Group, Edge Wallet, Encryption Keys}
{"logTime": "0421/021219", "correlationVector":"cmnxPI2aj8CU+Irk7Yj4MU.1","action":"SyncServerConnectionManagerRequest", "result":"SYNC_SERVER_OK", "context":{"environment":"Prod_EastUS2_000e", "migrationStage":"NotStarted", "server":"GENERAL01000021"}}
{"logTime": "0421/021219", "correlationVector":"cmnxPI2aj8CU+Irk7Yj4MU.2","action":"GetUpdates Response", "result":"Success", "context":Received 1 update(s). cV=cmnxPI2aj8CU+Irk7Yj4MU.0;server=GENERAL01000021;cloudType=Consumer;environment=Prod_EastUS2_000e;migrationStage=NotStarted}
{"logTime": "0421/021219", "correlationVector":"YIjr6Kl+nzQlTXy4hkiIOV","action":"Commit Request", "result":"", "context":Item count: 3
Contributing types: Sessions}
{"logTime": "0421/021219", "correlationVector":"YIjr6Kl+nzQlTXy4hkiIOV.1","action":"SyncServerConnectionManagerRequest", "result":"SYNC_SERVER_OK", "context":{"environment":"Prod_EastUS2_000e", "migrationStage":"NotStarted", "server":"GENERAL0100002L"}}
{"logTime": "0421/021219", "correlationVector":"YIjr6Kl+nzQlTXy4hkiIOV.2","action":"Commit Response", "result":"Success", "context":Result: Success. cV=YIjr6Kl+nzQlTXy4hkiIOV.0;server=GENERAL0100002L;cloudType=Consumer;environment=Prod_EastUS2_000e;migrationStage=NotStarted}
{"logTime": "0421/021219", "correlationVector":"YIjr6Kl+nzQlTXy4hkiIOV.3","action":"Commit.Sessions", "result":"Success", "context":{"id":"3c6bb563-d929-444e-a679-5257590350ca", "isDeleted":"true", "size":"0", "version":"1713662738265"}}
{"logTime": "0421/021243", "correlationVector":"1yF+lcvxaCi1HDAziWgr9z","action":"Normal GetUpdate request", "result":"", "context":cV=1yF+lcvxaCi1HDAziWgr9z
Nudged types: Sessions}
{"logTime": "0421/021243", "correlationVector":"1yF+lcvxaCi1HDAziWgr9z.1","action":"SyncServerConnectionManagerRequest", "result":"SYNC_SERVER_OK", "context":{"environment":"Prod_EastUS2_000e", "migrationStage":"NotStarted", "server":"GENERAL01000037"}}
{"logTime": "0421/021243", "correlationVector":"1yF+lcvxaCi1HDAziWgr9z.2","action":"GetUpdates", "result":"DeleteReceived", "context":{"id":"3c6bb563-d929-444e-a679-5257590350ca", "isDeleted:":"true", "version":"1713665533373"}}
{"logTime": "0421/021243", "correlationVector":"1yF+lcvxaCi1HDAziWgr9z.3","action":"GetUpdates Response", "result":"Success", "context":Received 3 update(s). cV=1yF+lcvxaCi1HDAziWgr9z.0;server=GENERAL01000037;cloudType=Consumer;environment=Prod_EastUS2_000e;migrationStage=NotStarted}
{"logTime": "0421/021243", "correlationVector":"hUQfednJaOaFPYijVlH0yG","action":"Commit Request", "result":"", "context":Item count: 1
Contributing types: Sessions}
{"logTime": "0421/021243", "correlationVector":"hUQfednJaOaFPYijVlH0yG.1","action":"SyncServerConnectionManagerRequest", "result":"SYNC_SERVER_OK", "context":{"environment":"Prod_EastUS2_000e", "migrationStage":"NotStarted", "server":"GENERAL0100000W"}}
{"logTime": "0421/021243", "correlationVector":"hUQfednJaOaFPYijVlH0yG.2","action":"Commit Response", "result":"Success", "context":Result: Success. cV=hUQfednJaOaFPYijVlH0yG.0;server=GENERAL0100000W;cloudType=Consumer;environment=Prod_EastUS2_000e;migrationStage=NotStarted}
{"logTime": "0421/021313", "correlationVector":"rTwJbqBtlAK2sdiZ72adtL","action":"Commit Request", "result":"", "context":Item count: 1
Contributing types: Sessions}
{"logTime": "0421/021315", "correlationVector":"rTwJbqBtlAK2sdiZ72adtL.1","action":"SyncServerConnectionManagerRequest", "result":"SYNC_SERVER_OK", "context":{"environment":"Prod_EastUS2_000e", "migrationStage":"NotStarted", "server":"GENERAL0100001K"}}
{"logTime": "0421/021315", "correlationVector":"rTwJbqBtlAK2sdiZ72adtL.2","action":"Commit Response", "result":"Success", "context":Result: Success. cV=rTwJbqBtlAK2sdiZ72adtL.0;server=GENERAL0100001K;cloudType=Consumer;environment=Prod_EastUS2_000e;migrationStage=NotStarted}
{"logTime": "0421/021426", "correlationVector":"bZO9pnqB+ry62OOnHGEvso","action":"Commit Request", "result":"", "context":Item count: 1
Contributing types: Sessions}
{"logTime": "0421/021426", "correlationVector":"bZO9pnqB+ry62OOnHGEvso.1","action":"SyncServerConnectionManagerRequest", "result":"SYNC_SERVER_OK", "context":{"environment":"Prod_EastUS2_000e", "migrationStage":"NotStarted", "server":"GENERAL01000032"}}
{"logTime": "0421/021426", "correlationVector":"bZO9pnqB+ry62OOnHGEvso.2","action":"Commit Response", "result":"Success", "context":Result: Success. cV=bZO9pnqB+ry62OOnHGEvso.0;server=GENERAL01000032;cloudType=Consumer;environment=Prod_EastUS2_000e;migrationStage=NotStarted}
{"logTime": "0421/021522", "correlationVector":"OuBWf3Lbbob2D0SLtsnzqX","action":"Commit Request", "result":"", "context":Item count: 1
Contributing types: Sessions}
{"logTime": "0421/021522", "correlationVector":"OuBWf3Lbbob2D0SLtsnzqX.1","action":"SyncServerConnectionManagerRequest", "result":"SYNC_SERVER_OK", "context":{"environment":"Prod_EastUS2_000e", "migrationStage":"NotStarted", "server":"GENERAL01000032"}}
{"logTime": "0421/021522", "correlationVector":"OuBWf3Lbbob2D0SLtsnzqX.2","action":"Commit Response", "result":"Success", "context":Result: Success. cV=OuBWf3Lbbob2D0SLtsnzqX.0;server=GENERAL01000032;cloudType=Consumer;environment=Prod_EastUS2_000e;migrationStage=NotStarted}
{"logTime": "0421/021658", "correlationVector":"2TBclFiSirRn55HOhFqF9Z","action":"Commit Request", "result":"", "context":Item count: 1
Contributing types: Sessions}
{"logTime": "0421/021659", "correlationVector":"2TBclFiSirRn55HOhFqF9Z.1","action":"SyncServerConnectionManagerRequest", "result":"SYNC_SERVER_OK", "context":{"environment":"Prod_EastUS2_000e", "migrationStage":"NotStarted", "server":"GENERAL0100003A"}}
{"logTime": "0421/021659", "correlationVector":"2TBclFiSirRn55HOhFqF9Z.2","action":"Commit Response", "result":"Success", "context":Result: Success. cV=2TBclFiSirRn55HOhFqF9Z.0;server=GENERAL0100003A;cloudType=Consumer;environment=Prod_EastUS2_000e;migrationStage=NotStarted}
{"logTime": "0421/021711", "correlationVector":"ulvguk0MqkLrQ/E68f6y/6","action":"Normal GetUpdate request", "result":"", "context":cV=ulvguk0MqkLrQ/E68f6y/6
Refresh requested types: Bookmarks, Preferences, Passwords, Autofill Profiles, Autofill, Typed URLs, Extensions, Sessions, Extension settings, History Delete Directives, Device Info, User Consents, Send Tab To Self, Web Apps, Collection, Edge E Drop, Edge Hub App Usage, Edge Tab Group, Edge Wallet, Encryption Keys}
{"logTime": "0421/021711", "correlationVector":"ulvguk0MqkLrQ/E68f6y/6.1","action":"SyncServerConnectionManagerRequest", "result":"SYNC_SERVER_OK", "context":{"environment":"Prod_EastUS2_000e", "migrationStage":"NotStarted", "server":"GENERAL01000026"}}
{"logTime": "0421/021711", "correlationVector":"ulvguk0MqkLrQ/E68f6y/6.2","action":"GetUpdates Response", "result":"Success", "context":Received 1 update(s). cV=ulvguk0MqkLrQ/E68f6y/6.0;server=GENERAL01000026;cloudType=Consumer;environment=Prod_EastUS2_000e;migrationStage=NotStarted}
{"logTime": "0421/021804", "correlationVector":"alVnE9FCpzhJE3kpiUweLC","action":"Commit Request", "result":"", "context":Item count: 1
Contributing types: Sessions}
{"logTime": "0421/021805", "correlationVector":"alVnE9FCpzhJE3kpiUweLC.1","action":"SyncServerConnectionManagerRequest", "result":"SYNC_SERVER_OK", "context":{"environment":"Prod_EastUS2_000e", "migrationStage":"NotStarted", "server":"GENERAL0100000H"}}
{"logTime": "0421/021805", "correlationVector":"alVnE9FCpzhJE3kpiUweLC.2","action":"Commit Response", "result":"Success", "context":Result: Success. cV=alVnE9FCpzhJE3kpiUweLC.0;server=GENERAL0100000H;cloudType=Consumer;environment=Prod_EastUS2_000e;migrationStage=NotStarted}
{"logTime": "0421/021845", "correlationVector":"PieDSMKnrmAxAkTK3BeJKK","action":"Commit Request", "result":"", "context":Item count: 1
Contributing types: Sessions}
{"logTime": "0421/021845", "correlationVector":"PieDSMKnrmAxAkTK3BeJKK.1","action":"SyncServerConnectionManagerRequest", "result":"SYNC_SERVER_OK", "context":{"environment":"Prod_EastUS2_000e", "migrationStage":"NotStarted", "server":"GENERAL0100002X"}}
{"logTime": "0421/021845", "correlationVector":"PieDSMKnrmAxAkTK3BeJKK.2","action":"Commit Response", "result":"Success", "context":Result: Success. cV=PieDSMKnrmAxAkTK3BeJKK.0;server=GENERAL0100002X;cloudType=Consumer;environment=Prod_EastUS2_000e;migrationStage=NotStarted}
{"logTime": "0421/022231", "correlationVector":"noJJof/36GIq17jXYiZuXr","action":"Commit Request", "result":"", "context":Item count: 1
Contributing types: Sessions}
{"logTime": "0421/022231", "correlationVector":"noJJof/36GIq17jXYiZuXr.1","action":"SyncServerConnectionManagerRequest", "result":"SYNC_SERVER_OK", "context":{"environment":"Prod_EastUS2_000e", "migrationStage":"NotStarted", "server":"general0100000F"}}
{"logTime": "0421/022231", "correlationVector":"noJJof/36GIq17jXYiZuXr.2","action":"Commit Response", "result":"Success", "context":Result: Success. cV=noJJof/36GIq17jXYiZuXr.0;server=general0100000F;cloudType=Consumer;environment=Prod_EastUS2_000e;migrationStage=NotStarted}
{"logTime": "0421/022340", "correlationVector":"sp6fRIvsZq40L8ZVwYnxM9","action":"Commit Request", "result":"", "context":Item count: 1
Contributing types: Sessions}
{"logTime": "0421/022341", "correlationVector":"sp6fRIvsZq40L8ZVwYnxM9.1","action":"SyncServerConnectionManagerRequest", "result":"SYNC_SERVER_OK", "context":{"environment":"Prod_EastUS2_000e", "migrationStage":"NotStarted", "server":"GENERAL0100001K"}}
{"logTime": "0421/022341", "correlationVector":"sp6fRIvsZq40L8ZVwYnxM9.2","action":"Commit Response", "result":"Success", "context":Result: Success. cV=sp6fRIvsZq40L8ZVwYnxM9.0;server=GENERAL0100001K;cloudType=Consumer;environment=Prod_EastUS2_000e;migrationStage=NotStarted}
{"logTime": "0421/022420", "correlationVector":"lnXBgc/ibB0RWjkRuo8z6h","action":"Commit Request", "result":"", "context":Item count: 1
Contributing types: Sessions}
{"logTime": "0421/022420", "correlationVector":"lnXBgc/ibB0RWjkRuo8z6h.1","action":"SyncServerConnectionManagerRequest", "result":"SYNC_SERVER_OK", "context":{"environment":"Prod_EastUS2_000e", "migrationStage":"NotStarted", "server":"GENERAL0100001N"}}
{"logTime": "0421/022420", "correlationVector":"lnXBgc/ibB0RWjkRuo8z6h.2","action":"Commit Response", "result":"Success", "context":Result: Success. cV=lnXBgc/ibB0RWjkRuo8z6h.0;server=GENERAL0100001N;cloudType=Consumer;environment=Prod_EastUS2_000e;migrationStage=NotStarted}
{"logTime": "0421/022454", "correlationVector":"cV4GCorJnlOQeKWfkG3GBV","action":"Commit Request", "result":"", "context":Item count: 1
Contributing types: Sessions}
{"logTime": "0421/022455", "correlationVector":"cV4GCorJnlOQeKWfkG3GBV.1","action":"SyncServerConnectionManagerRequest", "result":"SYNC_SERVER_OK", "context":{"environment":"Prod_EastUS2_000e", "migrationStage":"NotStarted", "server":"general0100002T"}}
{"logTime": "0421/022455", "correlationVector":"cV4GCorJnlOQeKWfkG3GBV.2","action":"Commit Response", "result":"Success", "context":Result: Success. cV=cV4GCorJnlOQeKWfkG3GBV.0;server=general0100002T;cloudType=Consumer;environment=Prod_EastUS2_000e;migrationStage=NotStarted}
{"logTime": "0517/231107", "correlationVector":"+j6iNub7uSTzFEUd34wZCX.1","action":"SyncServerConnectionManagerRequest", "result":"SYNC_SERVER_OK", "context":{"environment":"Prod_EastUS2_000e", "migrationStage":"NotStarted", "server":"GENERAL01000031"}}
{"logTime": "0517/231107", "correlationVector":"+j6iNub7uSTzFEUd34wZCX","action":"Initial GetUpdates", "result":"", "context":Reason: NEW_CLIENT. cV=+j6iNub7uSTzFEUd34wZCX}
{"logTime": "0517/231107", "correlationVector":"+j6iNub7uSTzFEUd34wZCX.2","action":"GetUpdates Response", "result":"Success", "context":Received 1 update(s). cV=+j6iNub7uSTzFEUd34wZCX.0;server=GENERAL01000031;cloudType=Consumer;environment=Prod_EastUS2_000e;migrationStage=NotStarted}
{"logTime": "0517/231107", "correlationVector":"T5Krz3lP3kg5V8gkTRqlEa","action":"SyncServerConnectionManagerRequest", "result":"SYNC_SERVER_OK", "context":{"environment":"", "migrationStage":"", "server":""}}
{"logTime": "0517/231107", "correlationVector":"ImUFO+TmiWbl/DnMOw/NJK","action":"Initial GetUpdates", "result":"", "context":Reason: NEWLY_SUPPORTED_DATATYPE. cV=ImUFO+TmiWbl/DnMOw/NJK}
{"logTime": "0517/231107", "correlationVector":"ImUFO+TmiWbl/DnMOw/NJK.1","action":"SyncServerConnectionManagerRequest", "result":"SYNC_SERVER_OK", "context":{"environment":"Prod_EastUS2_000e", "migrationStage":"NotStarted", "server":"GENERAL0100002I"}}
{"logTime": "0517/231107", "correlationVector":"ImUFO+TmiWbl/DnMOw/NJK.2","action":"GetUpdates Response", "result":"Success", "context":Received 10 update(s). cV=ImUFO+TmiWbl/DnMOw/NJK.0;server=GENERAL0100002I;cloudType=Consumer;environment=Prod_EastUS2_000e;migrationStage=NotStarted}
{"logTime": "0517/231107", "correlationVector":"swDkyjUYDJctr6PalVuihx","action":"Initial GetUpdates", "result":"", "context":Reason: NEWLY_SUPPORTED_DATATYPE. cV=swDkyjUYDJctr6PalVuihx}
{"logTime": "0517/231107", "correlationVector":"swDkyjUYDJctr6PalVuihx.1","action":"SyncServerConnectionManagerRequest", "result":"SYNC_SERVER_OK", "context":{"environment":"Prod_EastUS2_000e", "migrationStage":"NotStarted", "server":"GENERAL01000006"}}
{"logTime": "0517/231107", "correlationVector":"swDkyjUYDJctr6PalVuihx.2","action":"GetUpdates Response", "result":"Success", "context":Received 0 update(s). cV=swDkyjUYDJctr6PalVuihx.0;server=GENERAL01000006;cloudType=Consumer;environment=Prod_EastUS2_000e;migrationStage=NotStarted}
{"logTime": "0517/231107", "correlationVector":"qS7Gb9Y7cOxdlaE1kqK72K","action":"Normal GetUpdate request", "result":"", "context":cV=qS7Gb9Y7cOxdlaE1kqK72K
Nudged types: Sessions, Device Info
Refresh requested types: Bookmarks, Preferences, Passwords, Autofill Profiles, Autofill, Typed URLs, Extensions, Sessions, Extension settings, History Delete Directives, Device Info, User Consents, Send Tab To Self, Web Apps, Collection, Edge E Drop, Edge Hub App Usage, Edge Tab Group, Edge Wallet, Encryption Keys}
{"logTime": "0517/231107", "correlationVector":"qS7Gb9Y7cOxdlaE1kqK72K.1","action":"SyncServerConnectionManagerRequest", "result":"SYNC_SERVER_OK", "context":{"environment":"Prod_EastUS2_000e", "migrationStage":"NotStarted", "server":"GENERAL0100002L"}}
{"logTime": "0517/231107", "correlationVector":"qS7Gb9Y7cOxdlaE1kqK72K.2","action":"GetUpdates", "result":"DeleteReceived", "context":{"id":"d294712e-3241-4d90-8a87-634c0260283d", "isDeleted:":"true", "version":"1713716078884"}}
{"logTime": "0517/231107", "correlationVector":"qS7Gb9Y7cOxdlaE1kqK72K.3","action":"GetUpdates", "result":"DeleteReceived", "context":{"id":"74b725be-6f50-47ae-bd08-e75d6613c589", "isDeleted:":"true", "version":"1713716078887"}}
{"logTime": "0517/231107", "correlationVector":"qS7Gb9Y7cOxdlaE1kqK72K.4","action":"GetUpdates", "result":"DeleteReceived", "context":{"id":"39ebc7ab-fbec-48dc-8afb-00a15dc6de4a", "isDeleted:":"true", "version":"1713825752925"}}
{"logTime": "0517/231107", "correlationVector":"qS7Gb9Y7cOxdlaE1kqK72K.5","action":"GetUpdates", "result":"DeleteReceived", "context":{"id":"fe84b6e9-aef9-414e-98b2-b6195b2c5f76", "isDeleted:":"true", "version":"1713825752926"}}
{"logTime": "0517/231107", "correlationVector":"qS7Gb9Y7cOxdlaE1kqK72K.6","action":"GetUpdates", "result":"DeleteReceived", "context":{"id":"1e0f2164-618a-41cb-b492-85e993989c01", "isDeleted:":"true", "version":"1713825752928"}}
{"logTime": "0517/231107", "correlationVector":"qS7Gb9Y7cOxdlaE1kqK72K.7","action":"GetUpdates", "result":"DeleteReceived", "context":{"id":"67c0abd5-1e27-44ad-b07d-65ce3d822fb9", "isDeleted:":"true", "version":"1714431366701"}}
{"logTime": "0517/231107", "correlationVector":"qS7Gb9Y7cOxdlaE1kqK72K.8","action":"GetUpdates", "result":"DeleteReceived", "context":{"id":"aa68b79c-24d8-487d-8b1e-a4e7cde19fa8", "isDeleted:":"true", "version":"1714531245104"}}
{"logTime": "0517/231107", "correlationVector":"qS7Gb9Y7cOxdlaE1kqK72K.9","action":"GetUpdates", "result":"DeleteReceived", "context":{"id":"98e32795-9995-4cbe-a065-59d0cdb5f84c", "isDeleted:":"true", "version":"1714531245105"}}
{"logTime": "0517/231107", "correlationVector":"qS7Gb9Y7cOxdlaE1kqK72K.10","action":"GetUpdates", "result":"DeleteReceived", "context":{"id":"e651ab6c-3785-4d90-a664-241ae57f032d", "isDeleted:":"true", "version":"1715043301006"}}
{"logTime": "0517/231107", "correlationVector":"qS7Gb9Y7cOxdlaE1kqK72K.11","action":"GetUpdates", "result":"DeleteReceived", "context":{"id":"de6ba6f7-7d70-4caa-8593-7947be0b793e", "isDeleted:":"true", "version":"1715043301007"}}
{"logTime": "0517/231107", "correlationVector":"qS7Gb9Y7cOxdlaE1kqK72K.12","action":"GetUpdates", "result":"DeleteReceived", "context":{"id":"1296ed04-a539-4f78-bb1f-b2258ba25d2e", "isDeleted:":"true", "version":"1715043301008"}}
{"logTime": "0517/231107", "correlationVector":"qS7Gb9Y7cOxdlaE1kqK72K.13","action":"GetUpdates", "result":"DeleteReceived", "context":{"id":"9d72d1ab-4fc2-418b-8c1d-ee6bfae380a9", "isDeleted:":"true", "version":"1715043301009"}}
{"logTime": "0517/231107", "correlationVector":"qS7Gb9Y7cOxdlaE1kqK72K.14","action":"GetUpdates", "result":"DeleteReceived", "context":{"id":"8c2e2c76-64c1-4bed-a0c5-a44f6398721e", "isDeleted:":"true", "version":"1715211753063"}}
{"logTime": "0517/231107", "correlationVector":"qS7Gb9Y7cOxdlaE1kqK72K.15","action":"GetUpdates", "result":"DeleteReceived", "context":{"id":"8fc23565-c364-452b-8d6b-3813a3d27bce", "isDeleted:":"true", "version":"1715211753064"}}
{"logTime": "0517/231107", "correlationVector":"qS7Gb9Y7cOxdlaE1kqK72K.16","action":"GetUpdates", "result":"DeleteReceived", "context":{"id":"4db59a93-d08f-4f11-97cd-1f5cdf39c894", "isDeleted:":"true", "version":"1715388604505"}}
{"logTime": "0517/231107", "correlationVector":"qS7Gb9Y7cOxdlaE1kqK72K.17","action":"GetUpdates", "result":"DeleteReceived", "context":{"id":"e1dbdf07-c733-4955-b562-2da96cc06704", "isDeleted:":"true", "version":"1715388604506"}}
{"logTime": "0517/231107", "correlationVector":"qS7Gb9Y7cOxdlaE1kqK72K.18","action":"GetUpdates", "result":"DeleteReceived", "context":{"id":"8dd22642-be50-4b57-a57a-4f2b9caccf14", "isDeleted:":"true", "version":"1715388604508"}}
{"logTime": "0517/231107", "correlationVector":"qS7Gb9Y7cOxdlaE1kqK72K.19","action":"GetUpdates", "result":"DeleteReceived", "context":{"id":"50f8597a-fd90-4d19-8478-6f247ce31d04", "isDeleted:":"true", "version":"1715391963370"}}
{"logTime": "0517/231107", "correlationVector":"qS7Gb9Y7cOxdlaE1kqK72K.20","action":"GetUpdates", "result":"DeleteReceived", "context":{"id":"755aa4d5-bf11-4e68-aa06-f8092f0b641b", "isDeleted:":"true", "version":"1715483193573"}}
{"logTime": "0517/231107", "correlationVector":"qS7Gb9Y7cOxdlaE1kqK72K.21","action":"GetUpdates", "result":"DeleteReceived", "context":{"id":"6d218826-bfeb-45c2-9587-55d78fc50e79", "isDeleted:":"true", "version":"1715483193574"}}
{"logTime": "0517/231107", "correlationVector":"qS7Gb9Y7cOxdlaE1kqK72K.22","action":"GetUpdates", "result":"DeleteReceived", "context":{"id":"61ffda59-b6de-4a44-99ac-90921a8b4f20", "isDeleted:":"true", "version":"1715483193575"}}
{"logTime": "0517/231107", "correlationVector":"qS7Gb9Y7cOxdlaE1kqK72K.23","action":"GetUpdates", "result":"DeleteReceived", "context":{"id":"bb3bfbd9-5f9f-47d1-a655-5bbcdd6defd0", "isDeleted:":"true", "version":"1715483193576"}}
{"logTime": "0517/231107", "correlationVector":"qS7Gb9Y7cOxdlaE1kqK72K.24","action":"GetUpdates", "result":"DeleteReceived", "context":{"id":"69a1c090-612f-4ad9-9ca4-b96c448288ec", "isDeleted:":"true", "version":"1715483193578"}}
{"logTime": "0517/231107", "correlationVector":"qS7Gb9Y7cOxdlaE1kqK72K.25","action":"GetUpdates", "result":"DeleteReceived", "context":{"id":"05d9f49d-5f81-4e6f-abc9-8c47c242fdad", "isDeleted:":"true", "version":"1715812202294"}}
{"logTime": "0517/231107", "correlationVector":"qS7Gb9Y7cOxdlaE1kqK72K.26","action":"GetUpdates", "result":"DeleteReceived", "context":{"id":"487a933c-f191-4e36-8351-e6be9c25ec9c", "isDeleted:":"true", "version":"1715812202295"}}
{"logTime": "0517/231107", "correlationVector":"qS7Gb9Y7cOxdlaE1kqK72K.27","action":"GetUpdates", "result":"DeleteReceived", "context":{"id":"d5340e5b-142f-4ee9-915f-d180ba40eff4", "isDeleted:":"true", "version":"1715817207240"}}
{"logTime": "0517/231107", "correlationVector":"qS7Gb9Y7cOxdlaE1kqK72K.28","action":"GetUpdates", "result":"DeleteReceived", "context":{"id":"9fa861c1-054c-4550-a455-02d20226370a", "isDeleted:":"true", "version":"1715817207241"}}
{"logTime": "0517/231107", "correlationVector":"qS7Gb9Y7cOxdlaE1kqK72K.29","action":"GetUpdates", "result":"DeleteReceived", "context":{"id":"add7f098-7dde-4d80-8066-8348bc8e44ea", "isDeleted:":"true", "version":"1715817207242"}}
{"logTime": "0517/231107", "correlationVector":"qS7Gb9Y7cOxdlaE1kqK72K.30","action":"GetUpdates", "result":"DeleteReceived", "context":{"id":"e78d7844-e3ee-446e-8672-e79f476eb369", "isDeleted:":"true", "version":"1715817207244"}}
{"logTime": "0517/231107", "correlationVector":"qS7Gb9Y7cOxdlaE1kqK72K.31","action":"GetUpdates", "result":"DeleteReceived", "context":{"id":"e0afeb52-9377-4b5a-b7e8-95d0478d8704", "isDeleted:":"true", "version":"1715817207245"}}
{"logTime": "0517/231107", "correlationVector":"qS7Gb9Y7cOxdlaE1kqK72K.32","action":"GetUpdates", "result":"DeleteReceived", "context":{"id":"6ca4cb2c-884e-4817-9bd5-221790701b06", "isDeleted:":"true", "version":"1715817225118"}}
{"logTime": "0517/231107", "correlationVector":"qS7Gb9Y7cOxdlaE1kqK72K.33","action":"GetUpdates", "result":"DeleteReceived", "context":{"id":"6904fba1-6136-405c-bf85-caed9dafd5cc", "isDeleted:":"true", "version":"1715817333684"}}
{"logTime": "0517/231107", "correlationVector":"qS7Gb9Y7cOxdlaE1kqK72K.34","action":"GetUpdates", "result":"DeleteReceived", "context":{"id":"4fc01e4b-8034-435a-80f7-7f3753de60e8", "isDeleted:":"true", "version":"1715907269513"}}
{"logTime": "0517/231107", "correlationVector":"qS7Gb9Y7cOxdlaE1kqK72K.35","action":"GetUpdates", "result":"DeleteReceived", "context":{"id":"8d743e24-c3b4-4f1c-b2aa-7f9f954c0711", "isDeleted:":"true", "version":"1715907269514"}}
{"logTime": "0517/231107", "correlationVector":"qS7Gb9Y7cOxdlaE1kqK72K.36","action":"GetUpdates", "result":"DeleteReceived", "context":{"id":"a64c491a-d4c1-46b0-b0de-c9d4f4088aff", "isDeleted:":"true", "version":"1715907269515"}}
{"logTime": "0517/231107", "correlationVector":"qS7Gb9Y7cOxdlaE1kqK72K.37","action":"GetUpdates", "result":"DeleteReceived", "context":{"id":"18364c49-8953-4881-940f-cef736f7d3d1", "isDeleted:":"true", "version":"1715907269517"}}
{"logTime": "0517/231107", "correlationVector":"qS7Gb9Y7cOxdlaE1kqK72K.38","action":"GetUpdates", "result":"DeleteReceived", "context":{"id":"ed835d06-d3af-496b-823d-9cbef70bfd35", "isDeleted:":"true", "version":"1715907269518"}}
{"logTime": "0517/231107", "correlationVector":"qS7Gb9Y7cOxdlaE1kqK72K.39","action":"GetUpdates", "result":"DeleteReceived", "context":{"id":"02b8da64-83c0-4308-ae9e-3621ca50e6f4", "isDeleted:":"true", "version":"1715984237153"}}
{"logTime": "0517/231107", "correlationVector":"qS7Gb9Y7cOxdlaE1kqK72K.40","action":"GetUpdates", "result":"DeleteReceived", "context":{"id":"41b1db5d-e21d-4362-bf22-61b7eefaa254", "isDeleted:":"true", "version":"1715984237154"}}
{"logTime": "0517/231107", "correlationVector":"qS7Gb9Y7cOxdlaE1kqK72K.41","action":"GetUpdates", "result":"DeleteReceived", "context":{"id":"5194e304-b604-4616-b7fc-b582b49b55c7", "isDeleted:":"true", "version":"1715984237155"}}
{"logTime": "0517/231107", "correlationVector":"qS7Gb9Y7cOxdlaE1kqK72K.42","action":"GetUpdates", "result":"DeleteReceived", "context":{"id":"10dc58c0-9967-492c-a398-acb775de3fb7", "isDeleted:":"true", "version":"1715984237157"}}
{"logTime": "0517/231107", "correlationVector":"qS7Gb9Y7cOxdlaE1kqK72K.43","action":"GetUpdates", "result":"DeleteReceived", "context":{"id":"db8af082-de0c-4123-a937-1ac8d92b68a1", "isDeleted:":"true", "version":"1715984237158"}}
{"logTime": "0517/231107", "correlationVector":"qS7Gb9Y7cOxdlaE1kqK72K.44","action":"GetUpdates Response", "result":"Success", "context":Received 62 update(s). cV=qS7Gb9Y7cOxdlaE1kqK72K.0;server=GENERAL0100002L;cloudType=Consumer;environment=Prod_EastUS2_000e;migrationStage=NotStarted}
{"logTime": "0517/231107", "correlationVector":"nPf40Y1mgoYyAVwdDgb+Br","action":"Commit Request", "result":"", "context":Item count: 3
Contributing types: Sessions}
{"logTime": "0517/231107", "correlationVector":"nPf40Y1mgoYyAVwdDgb+Br.1","action":"SyncServerConnectionManagerRequest", "result":"SYNC_SERVER_OK", "context":{"environment":"Prod_EastUS2_000e", "migrationStage":"NotStarted", "server":"GENERAL0100002W"}}
{"logTime": "0517/231107", "correlationVector":"nPf40Y1mgoYyAVwdDgb+Br.2","action":"Commit Response", "result":"Success", "context":Result: Success. cV=nPf40Y1mgoYyAVwdDgb+Br.0;server=GENERAL0100002W;cloudType=Consumer;environment=Prod_EastUS2_000e;migrationStage=NotStarted}
{"logTime": "0517/231107", "correlationVector":"nPf40Y1mgoYyAVwdDgb+Br.3","action":"Commit.Sessions", "result":"Success", "context":{"id":"5bb6233b-65c8-4b50-b74c-850f10b2a0cd", "isDeleted":"true", "size":"0", "version":"1715211753062"}}
{"logTime": "0517/231107", "correlationVector":"BNHcINeRacPj9H8vmYa/x3","action":"Normal GetUpdate request", "result":"", "context":cV=BNHcINeRacPj9H8vmYa/x3
Nudged types: Sessions}
{"logTime": "0517/231107", "correlationVector":"BNHcINeRacPj9H8vmYa/x3.1","action":"SyncServerConnectionManagerRequest", "result":"SYNC_SERVER_OK", "context":{"environment":"Prod_EastUS2_000e", "migrationStage":"NotStarted", "server":"GENERAL0100003B"}}
{"logTime": "0517/231107", "correlationVector":"BNHcINeRacPj9H8vmYa/x3.2","action":"GetUpdates", "result":"DeleteReceived", "context":{"id":"5bb6233b-65c8-4b50-b74c-850f10b2a0cd", "isDeleted:":"true", "version":"1715987453889"}}
{"logTime": "0517/231107", "correlationVector":"BNHcINeRacPj9H8vmYa/x3.3","action":"GetUpdates Response", "result":"Success", "context":Received 3 update(s). cV=BNHcINeRacPj9H8vmYa/x3.0;server=GENERAL0100003B;cloudType=Consumer;environment=Prod_EastUS2_000e;migrationStage=NotStarted}
{"logTime": "0517/231107", "correlationVector":"AZuMU0YMwf00SB7rb0P1OL","action":"Poll GetUpdate request", "result":"", "context":cV=AZuMU0YMwf00SB7rb0P1OL}
{"logTime": "0517/231107", "correlationVector":"AZuMU0YMwf00SB7rb0P1OL.1","action":"SyncServerConnectionManagerRequest", "result":"SYNC_SERVER_OK", "context":{"environment":"Prod_EastUS2_000e", "migrationStage":"NotStarted", "server":"GENERAL0100001W"}}
{"logTime": "0517/231107", "correlationVector":"AZuMU0YMwf00SB7rb0P1OL.2","action":"GetUpdates Response", "result":"Success", "context":Received 0 update(s). cV=AZuMU0YMwf00SB7rb0P1OL.0;server=GENERAL0100001W;cloudType=Consumer;environment=Prod_EastUS2_000e;migrationStage=NotStarted}
{"logTime": "0517/231131", "correlationVector":"txTN2BdsPaveXsbczdkopz","action":"Commit Request", "result":"", "context":Item count: 1
Contributing types: Sessions}
{"logTime": "0517/231131", "correlationVector":"txTN2BdsPaveXsbczdkopz.1","action":"SyncServerConnectionManagerRequest", "result":"SYNC_SERVER_OK", "context":{"environment":"Prod_EastUS2_000e", "migrationStage":"NotStarted", "server":"GENERAL01000002"}}
{"logTime": "0517/231131", "correlationVector":"txTN2BdsPaveXsbczdkopz.2","action":"Commit Response", "result":"Success", "context":Result: Success. cV=txTN2BdsPaveXsbczdkopz.0;server=GENERAL01000002;cloudType=Consumer;environment=Prod_EastUS2_000e;migrationStage=NotStarted}
{"logTime": "0517/231204", "correlationVector":"lZUJdTEkttH9O+9SC105G1","action":"Commit Request", "result":"", "context":Item count: 1
Contributing types: Sessions}
{"logTime": "0517/231205", "correlationVector":"lZUJdTEkttH9O+9SC105G1.1","action":"SyncServerConnectionManagerRequest", "result":"SYNC_SERVER_OK", "context":{"environment":"Prod_EastUS2_000e", "migrationStage":"NotStarted", "server":"GENERAL0100002Q"}}
{"logTime": "0517/231205", "correlationVector":"lZUJdTEkttH9O+9SC105G1.2","action":"Commit Response", "result":"Success", "context":Result: Success. cV=lZUJdTEkttH9O+9SC105G1.0;server=GENERAL0100002Q;cloudType=Consumer;environment=Prod_EastUS2_000e;migrationStage=NotStarted}
{"logTime": "0517/231235", "correlationVector":"X+1XAdUFf3CNFWEpMXlHWC","action":"Commit Request", "result":"", "context":Item count: 1
Contributing types: Sessions}
{"logTime": "0517/231235", "correlationVector":"X+1XAdUFf3CNFWEpMXlHWC.1","action":"SyncServerConnectionManagerRequest", "result":"SYNC_SERVER_OK", "context":{"environment":"Prod_EastUS2_000e", "migrationStage":"NotStarted", "server":"GENERAL0100000X"}}
{"logTime": "0517/231235", "correlationVector":"X+1XAdUFf3CNFWEpMXlHWC.2","action":"Commit Response", "result":"Success", "context":Result: Success. cV=X+1XAdUFf3CNFWEpMXlHWC.0;server=GENERAL0100000X;cloudType=Consumer;environment=Prod_EastUS2_000e;migrationStage=NotStarted}
{"logTime": "0517/231511", "correlationVector":"6u+K/nnxwmJTsy3vlnbiGf.1","action":"SyncServerConnectionManagerRequest", "result":"SYNC_SERVER_OK", "context":{"environment":"Prod_EastUS2_000e", "migrationStage":"NotStarted", "server":"GENERAL0100000C"}}
{"logTime": "0517/231511", "correlationVector":"6u+K/nnxwmJTsy3vlnbiGf","action":"Initial GetUpdates", "result":"", "context":Reason: NEW_CLIENT. cV=6u+K/nnxwmJTsy3vlnbiGf}
{"logTime": "0517/231511", "correlationVector":"6u+K/nnxwmJTsy3vlnbiGf.2","action":"GetUpdates Response", "result":"Success", "context":Received 1 update(s). cV=6u+K/nnxwmJTsy3vlnbiGf.0;server=GENERAL0100000C;cloudType=Consumer;environment=Prod_EastUS2_000e;migrationStage=NotStarted}
{"logTime": "0517/231511", "correlationVector":"vSL0psWKU+VB2I1oW81FEB","action":"Initial GetUpdates", "result":"", "context":Reason: NEWLY_SUPPORTED_DATATYPE. cV=vSL0psWKU+VB2I1oW81FEB}
{"logTime": "0517/231511", "correlationVector":"vSL0psWKU+VB2I1oW81FEB.1","action":"SyncServerConnectionManagerRequest", "result":"SYNC_SERVER_OK", "context":{"environment":"Prod_EastUS2_000e", "migrationStage":"NotStarted", "server":"GENERAL0100001D"}}
{"logTime": "0517/231511", "correlationVector":"vSL0psWKU+VB2I1oW81FEB.2","action":"GetUpdates Response", "result":"Success", "context":Received 10 update(s). cV=vSL0psWKU+VB2I1oW81FEB.0;server=GENERAL0100001D;cloudType=Consumer;environment=Prod_EastUS2_000e;migrationStage=NotStarted}
{"logTime": "0517/231511", "correlationVector":"iQ7qzCuXS/HVsXMXipuUgm","action":"SyncServerConnectionManagerRequest", "result":"SYNC_SERVER_OK", "context":{"environment":"", "migrationStage":"", "server":""}}
{"logTime": "0517/231511", "correlationVector":"eaFqo8D+hSsrMLxOdGvEmr","action":"Initial GetUpdates", "result":"", "context":Reason: NEWLY_SUPPORTED_DATATYPE. cV=eaFqo8D+hSsrMLxOdGvEmr}
{"logTime": "0517/231511", "correlationVector":"eaFqo8D+hSsrMLxOdGvEmr.1","action":"SyncServerConnectionManagerRequest", "result":"SYNC_SERVER_OK", "context":{"environment":"Prod_EastUS2_000e", "migrationStage":"NotStarted", "server":"GENERAL0100001T"}}
{"logTime": "0517/231511", "correlationVector":"eaFqo8D+hSsrMLxOdGvEmr.2","action":"GetUpdates Response", "result":"Success", "context":Received 0 update(s). cV=eaFqo8D+hSsrMLxOdGvEmr.0;server=GENERAL0100001T;cloudType=Consumer;environment=Prod_EastUS2_000e;migrationStage=NotStarted}
{"logTime": "0517/231511", "correlationVector":"Z9I+TODOmTY7tSWiutXIzU","action":"Normal GetUpdate request", "result":"", "context":cV=Z9I+TODOmTY7tSWiutXIzU
Nudged types: Sessions
Refresh requested types: Bookmarks, Preferences, Passwords, Autofill Profiles, Autofill, Typed URLs, Extensions, Sessions, Extension settings, History Delete Directives, Device Info, User Consents, Send Tab To Self, Web Apps, Collection, Edge E Drop, Edge Hub App Usage, Edge Tab Group, Edge Wallet, Encryption Keys}
{"logTime": "0517/231511", "correlationVector":"Z9I+TODOmTY7tSWiutXIzU.1","action":"SyncServerConnectionManagerRequest", "result":"SYNC_SERVER_OK", "context":{"environment":"Prod_EastUS2_000e", "migrationStage":"NotStarted", "server":"GENERAL0100002F"}}
{"logTime": "0517/231511", "correlationVector":"Z9I+TODOmTY7tSWiutXIzU.2","action":"GetUpdates Response", "result":"Success", "context":Received 1 update(s). cV=Z9I+TODOmTY7tSWiutXIzU.0;server=GENERAL0100002F;cloudType=Consumer;environment=Prod_EastUS2_000e;migrationStage=NotStarted}
{"logTime": "0517/231511", "correlationVector":"D2rQbn3S0IQg0Tlfx3BzWG","action":"Commit Request", "result":"", "context":Item count: 3
Contributing types: Sessions}
{"logTime": "0517/231511", "correlationVector":"D2rQbn3S0IQg0Tlfx3BzWG.1","action":"SyncServerConnectionManagerRequest", "result":"SYNC_SERVER_OK", "context":{"environment":"Prod_EastUS2_000e", "migrationStage":"NotStarted", "server":"general01000016"}}
{"logTime": "0517/231511", "correlationVector":"D2rQbn3S0IQg0Tlfx3BzWG.2","action":"Commit Response", "result":"Success", "context":Result: Success. cV=D2rQbn3S0IQg0Tlfx3BzWG.0;server=general01000016;cloudType=Consumer;environment=Prod_EastUS2_000e;migrationStage=NotStarted}
{"logTime": "0517/231511", "correlationVector":"Mw2nBzQwC3qKULWDWELwUq","action":"Normal GetUpdate request", "result":"", "context":cV=Mw2nBzQwC3qKULWDWELwUq
Nudged types: Sessions}
{"logTime": "0517/231511", "correlationVector":"Mw2nBzQwC3qKULWDWELwUq.1","action":"SyncServerConnectionManagerRequest", "result":"SYNC_SERVER_OK", "context":{"environment":"Prod_EastUS2_000e", "migrationStage":"NotStarted", "server":"GENERAL0100002D"}}
{"logTime": "0517/231511", "correlationVector":"Mw2nBzQwC3qKULWDWELwUq.2","action":"GetUpdates Response", "result":"Success", "context":Received 3 update(s). cV=Mw2nBzQwC3qKULWDWELwUq.0;server=GENERAL0100002D;cloudType=Consumer;environment=Prod_EastUS2_000e;migrationStage=NotStarted}
{"logTime": "0517/231511", "correlationVector":"h5tZmQNB4OIzWNxQkIPF1V","action":"Commit Request", "result":"", "context":Item count: 2
Contributing types: Sessions}
{"logTime": "0517/231511", "correlationVector":"h5tZmQNB4OIzWNxQkIPF1V.1","action":"SyncServerConnectionManagerRequest", "result":"SYNC_SERVER_OK", "context":{"environment":"Prod_EastUS2_000e", "migrationStage":"NotStarted", "server":"GENERAL01000004"}}
{"logTime": "0517/231511", "correlationVector":"h5tZmQNB4OIzWNxQkIPF1V.3","action":"Commit.Sessions", "result":"Success", "context":{"id":"0212584d-56d4-4c39-876b-6a5ce79f1778", "isDeleted":"true", "size":"0", "version":"1715987645691"}}
{"logTime": "0517/231511", "correlationVector":"h5tZmQNB4OIzWNxQkIPF1V.2","action":"Commit Response", "result":"Success", "context":Result: Success. cV=h5tZmQNB4OIzWNxQkIPF1V.0;server=GENERAL01000004;cloudType=Consumer;environment=Prod_EastUS2_000e;migrationStage=NotStarted}
{"logTime": "0517/231547", "correlationVector":"wF91G1P2uY3RMhJfPxtVBQ","action":"Commit Request", "result":"", "context":Item count: 1
Contributing types: Sessions}
{"logTime": "0517/231548", "correlationVector":"wF91G1P2uY3RMhJfPxtVBQ.1","action":"SyncServerConnectionManagerRequest", "result":"SYNC_SERVER_OK", "context":{"environment":"Prod_EastUS2_000e", "migrationStage":"NotStarted", "server":"GENERAL0100002P"}}
{"logTime": "0517/231548", "correlationVector":"wF91G1P2uY3RMhJfPxtVBQ.2","action":"Commit Response", "result":"Success", "context":Result: Success. cV=wF91G1P2uY3RMhJfPxtVBQ.0;server=GENERAL0100002P;cloudType=Consumer;environment=Prod_EastUS2_000e;migrationStage=NotStarted}
{"logTime": "0517/231911", "correlationVector":"96BeEFMCDQVxaDiEwb9kjg","action":"Normal GetUpdate request", "result":"", "context":cV=96BeEFMCDQVxaDiEwb9kjg
Refresh requested types: Bookmarks, Preferences, Passwords, Autofill Profiles, Autofill, Typed URLs, Extensions, Sessions, Extension settings, History Delete Directives, Device Info, User Consents, Send Tab To Self, Web Apps, Collection, Edge E Drop, Edge Hub App Usage, Edge Tab Group, Edge Wallet, Encryption Keys}
{"logTime": "0517/231912", "correlationVector":"96BeEFMCDQVxaDiEwb9kjg.1","action":"SyncServerConnectionManagerRequest", "result":"SYNC_SERVER_OK", "context":{"environment":"Prod_EastUS2_000e", "migrationStage":"NotStarted", "server":"GENERAL0100000S"}}
{"logTime": "0517/231912", "correlationVector":"96BeEFMCDQVxaDiEwb9kjg.2","action":"GetUpdates", "result":"DeleteReceived", "context":{"id":"0212584d-56d4-4c39-876b-6a5ce79f1778", "isDeleted:":"true", "version":"1715987676388"}}
{"logTime": "0517/231912", "correlationVector":"96BeEFMCDQVxaDiEwb9kjg.3","action":"GetUpdates Response", "result":"Success", "context":Received 2 update(s). cV=96BeEFMCDQVxaDiEwb9kjg.0;server=GENERAL0100000S;cloudType=Consumer;environment=Prod_EastUS2_000e;migrationStage=NotStarted}
{"logTime": "0517/232017", "correlationVector":"CCbglaqWLpKJLeFkPDrNUE.1","action":"SyncServerConnectionManagerRequest", "result":"SYNC_SERVER_OK", "context":{"environment":"Prod_EastUS2_000e", "migrationStage":"NotStarted", "server":"GENERAL01000039"}}
{"logTime": "0517/232017", "correlationVector":"CCbglaqWLpKJLeFkPDrNUE","action":"Initial GetUpdates", "result":"", "context":Reason: NEW_CLIENT. cV=CCbglaqWLpKJLeFkPDrNUE}
{"logTime": "0517/232017", "correlationVector":"CCbglaqWLpKJLeFkPDrNUE.2","action":"GetUpdates Response", "result":"Success", "context":Received 1 update(s). cV=CCbglaqWLpKJLeFkPDrNUE.0;server=GENERAL01000039;cloudType=Consumer;environment=Prod_EastUS2_000e;migrationStage=NotStarted}
{"logTime": "0517/232017", "correlationVector":"ZZhMT1Q154haFcxgu73wHL","action":"Initial GetUpdates", "result":"", "context":Reason: NEWLY_SUPPORTED_DATATYPE. cV=ZZhMT1Q154haFcxgu73wHL}
{"logTime": "0517/232017", "correlationVector":"ZZhMT1Q154haFcxgu73wHL.1","action":"SyncServerConnectionManagerRequest", "result":"SYNC_SERVER_OK", "context":{"environment":"Prod_EastUS2_000e", "migrationStage":"NotStarted", "server":"GENERAL0100001X"}}
{"logTime": "0517/232017", "correlationVector":"ZZhMT1Q154haFcxgu73wHL.2","action":"GetUpdates Response", "result":"Success", "context":Received 10 update(s). cV=ZZhMT1Q154haFcxgu73wHL.0;server=GENERAL0100001X;cloudType=Consumer;environment=Prod_EastUS2_000e;migrationStage=NotStarted}
{"logTime": "0517/232017", "correlationVector":"ChuT/2oVrSVeJggeDn/JTY","action":"SyncServerConnectionManagerRequest", "result":"SYNC_SERVER_OK", "context":{"environment":"", "migrationStage":"", "server":""}}
{"logTime": "0517/232017", "correlationVector":"bEQz9yMLuiPA/ijgAcCozs","action":"Initial GetUpdates", "result":"", "context":Reason: NEWLY_SUPPORTED_DATATYPE. cV=bEQz9yMLuiPA/ijgAcCozs}
{"logTime": "0517/232017", "correlationVector":"bEQz9yMLuiPA/ijgAcCozs.1","action":"SyncServerConnectionManagerRequest", "result":"SYNC_SERVER_OK", "context":{"environment":"Prod_EastUS2_000e", "migrationStage":"NotStarted", "server":"GENERAL0100000H"}}
{"logTime": "0517/232017", "correlationVector":"bEQz9yMLuiPA/ijgAcCozs.2","action":"GetUpdates Response", "result":"Success", "context":Received 0 update(s). cV=bEQz9yMLuiPA/ijgAcCozs.0;server=GENERAL0100000H;cloudType=Consumer;environment=Prod_EastUS2_000e;migrationStage=NotStarted}
{"logTime": "0517/232017", "correlationVector":"9VfNkzCK6ahXWLLA+HMv8p","action":"Normal GetUpdate request", "result":"", "context":cV=9VfNkzCK6ahXWLLA+HMv8p
Nudged types: Sessions
Refresh requested types: Bookmarks, Preferences, Passwords, Autofill Profiles, Autofill, Typed URLs, Extensions, Sessions, Extension settings, History Delete Directives, Device Info, User Consents, Send Tab To Self, Web Apps, Collection, Edge E Drop, Edge Hub App Usage, Edge Tab Group, Edge Wallet, Encryption Keys}
{"logTime": "0517/232017", "correlationVector":"9VfNkzCK6ahXWLLA+HMv8p.1","action":"SyncServerConnectionManagerRequest", "result":"SYNC_SERVER_OK", "context":{"environment":"Prod_EastUS2_000e", "migrationStage":"NotStarted", "server":"general01000016"}}
{"logTime": "0517/232017", "correlationVector":"9VfNkzCK6ahXWLLA+HMv8p.2","action":"GetUpdates Response", "result":"Success", "context":Received 0 update(s). cV=9VfNkzCK6ahXWLLA+HMv8p.0;server=general01000016;cloudType=Consumer;environment=Prod_EastUS2_000e;migrationStage=NotStarted}
{"logTime": "0517/232017", "correlationVector":"LlWYgq5dGSXMaNaIQ1gb7e","action":"Commit Request", "result":"", "context":Item count: 3
Contributing types: Sessions}
{"logTime": "0517/232017", "correlationVector":"LlWYgq5dGSXMaNaIQ1gb7e.1","action":"SyncServerConnectionManagerRequest", "result":"SYNC_SERVER_OK", "context":{"environment":"Prod_EastUS2_000e", "migrationStage":"NotStarted", "server":"GENERAL0100003A"}}
{"logTime": "0517/232017", "correlationVector":"LlWYgq5dGSXMaNaIQ1gb7e.2","action":"Commit Response", "result":"Success", "context":Result: Success. cV=LlWYgq5dGSXMaNaIQ1gb7e.0;server=GENERAL0100003A;cloudType=Consumer;environment=Prod_EastUS2_000e;migrationStage=NotStarted}
{"logTime": "0517/232017", "correlationVector":"M9DXuZ08MWXIXYQAjPjC31","action":"Normal GetUpdate request", "result":"", "context":cV=M9DXuZ08MWXIXYQAjPjC31
Nudged types: Sessions
Notified types: Device Info}
{"logTime": "0517/232017", "correlationVector":"M9DXuZ08MWXIXYQAjPjC31.1","action":"SyncServerConnectionManagerRequest", "result":"SYNC_SERVER_OK", "context":{"environment":"Prod_EastUS2_000e", "migrationStage":"NotStarted", "server":"GENERAL01000033"}}
{"logTime": "0517/232017", "correlationVector":"M9DXuZ08MWXIXYQAjPjC31.2","action":"GetUpdates Response", "result":"Success", "context":Received 4 update(s). cV=M9DXuZ08MWXIXYQAjPjC31.0;server=GENERAL01000033;cloudType=Consumer;environment=Prod_EastUS2_000e;migrationStage=NotStarted}
{"logTime": "0517/232017", "correlationVector":"1UnfdSkA+F6pW+m9HKO5oW","action":"Commit Request", "result":"", "context":Item count: 2
Contributing types: Sessions}
{"logTime": "0517/232017", "correlationVector":"1UnfdSkA+F6pW+m9HKO5oW.1","action":"SyncServerConnectionManagerRequest", "result":"SYNC_SERVER_OK", "context":{"environment":"Prod_EastUS2_000e", "migrationStage":"NotStarted", "server":"general0100000I"}}
{"logTime": "0517/232017", "correlationVector":"1UnfdSkA+F6pW+m9HKO5oW.3","action":"Commit.Sessions", "result":"Success", "context":{"id":"ea4e7d59-68da-42a5-9b32-8cb37f9848e2", "isDeleted":"true", "size":"0", "version":"1715988003764"}}
{"logTime": "0517/232017", "correlationVector":"1UnfdSkA+F6pW+m9HKO5oW.2","action":"Commit Response", "result":"Success", "context":Result: Success. cV=1UnfdSkA+F6pW+m9HKO5oW.0;server=general0100000I;cloudType=Consumer;environment=Prod_EastUS2_000e;migrationStage=NotStarted}
{"logTime": "0517/232409", "correlationVector":"LjP8jalr6JC0oPpTE03IaG","action":"Commit Request", "result":"", "context":Item count: 1
Contributing types: Sessions}
{"logTime": "0517/232409", "correlationVector":"LjP8jalr6JC0oPpTE03IaG.1","action":"SyncServerConnectionManagerRequest", "result":"SYNC_SERVER_OK", "context":{"environment":"Prod_EastUS2_000e", "migrationStage":"NotStarted", "server":"general01000016"}}
{"logTime": "0517/232409", "correlationVector":"LjP8jalr6JC0oPpTE03IaG.2","action":"Commit Response", "result":"Success", "context":Result: Success. cV=LjP8jalr6JC0oPpTE03IaG.0;server=general01000016;cloudType=Consumer;environment=Prod_EastUS2_000e;migrationStage=NotStarted}
{"logTime": "0517/232509", "correlationVector":"OVguscDgvb9fwGZmx9aRzP","action":"Normal GetUpdate request", "result":"", "context":cV=OVguscDgvb9fwGZmx9aRzP
Nudged types: Sessions
Refresh requested types: Bookmarks, Preferences, Passwords, Autofill Profiles, Autofill, Typed URLs, Extensions, Sessions, Extension settings, History Delete Directives, Device Info, User Consents, Send Tab To Self, Web Apps, Collection, Edge E Drop, Edge Hub App Usage, Edge Tab Group, Edge Wallet, Encryption Keys}
{"logTime": "0517/232510", "correlationVector":"OVguscDgvb9fwGZmx9aRzP.1","action":"SyncServerConnectionManagerRequest", "result":"SYNC_SERVER_OK", "context":{"environment":"Prod_EastUS2_000e", "migrationStage":"NotStarted", "server":"GENERAL0100002D"}}
{"logTime": "0517/232510", "correlationVector":"OVguscDgvb9fwGZmx9aRzP.2","action":"GetUpdates", "result":"DeleteReceived", "context":{"id":"ea4e7d59-68da-42a5-9b32-8cb37f9848e2", "isDeleted:":"true", "version":"1715988010345"}}
{"logTime": "0517/232510", "correlationVector":"OVguscDgvb9fwGZmx9aRzP.3","action":"GetUpdates Response", "result":"Success", "context":Received 2 update(s). cV=OVguscDgvb9fwGZmx9aRzP.0;server=GENERAL0100002D;cloudType=Consumer;environment=Prod_EastUS2_000e;migrationStage=NotStarted}
{"logTime": "0517/232510", "correlationVector":"K3/1EeqXkP9E5FuNQ9bnK2","action":"Commit Request", "result":"", "context":Item count: 1
Contributing types: Sessions}
{"logTime": "0517/232510", "correlationVector":"K3/1EeqXkP9E5FuNQ9bnK2.1","action":"SyncServerConnectionManagerRequest", "result":"SYNC_SERVER_OK", "context":{"environment":"Prod_EastUS2_000e", "migrationStage":"NotStarted", "server":"GENERAL01000007"}}
{"logTime": "0517/232510", "correlationVector":"K3/1EeqXkP9E5FuNQ9bnK2.2","action":"Commit Response", "result":"Success", "context":Result: Success. cV=K3/1EeqXkP9E5FuNQ9bnK2.0;server=GENERAL01000007;cloudType=Consumer;environment=Prod_EastUS2_000e;migrationStage=NotStarted}
{"logTime": "0517/232540", "correlationVector":"77jfNSmf8aqPWaeaPINcCj","action":"Commit Request", "result":"", "context":Item count: 1
Contributing types: Sessions}
{"logTime": "0517/232540", "correlationVector":"77jfNSmf8aqPWaeaPINcCj.1","action":"SyncServerConnectionManagerRequest", "result":"SYNC_SERVER_OK", "context":{"environment":"Prod_EastUS2_000e", "migrationStage":"NotStarted", "server":"GENERAL01000026"}}
{"logTime": "0517/232540", "correlationVector":"77jfNSmf8aqPWaeaPINcCj.2","action":"Commit Response", "result":"Success", "context":Result: Success. cV=77jfNSmf8aqPWaeaPINcCj.0;server=GENERAL01000026;cloudType=Consumer;environment=Prod_EastUS2_000e;migrationStage=NotStarted}
{"logTime": "0517/232621", "correlationVector":"fJ3pDxDf4q0USAKWuK02M2","action":"Commit Request", "result":"", "context":Item count: 1
Contributing types: Sessions}
{"logTime": "0517/232622", "correlationVector":"fJ3pDxDf4q0USAKWuK02M2.1","action":"SyncServerConnectionManagerRequest", "result":"SYNC_SERVER_OK", "context":{"environment":"Prod_EastUS2_000e", "migrationStage":"NotStarted", "server":"GENERAL01000006"}}
{"logTime": "0517/232622", "correlationVector":"fJ3pDxDf4q0USAKWuK02M2.2","action":"Commit Response", "result":"Success", "context":Result: Success. cV=fJ3pDxDf4q0USAKWuK02M2.0;server=GENERAL01000006;cloudType=Consumer;environment=Prod_EastUS2_000e;migrationStage=NotStarted}
{"logTime": "0517/232658", "correlationVector":"7dwhvKGnanPt7ZGNIl98HS","action":"Commit Request", "result":"", "context":Item count: 1
Contributing types: Sessions}
{"logTime": "0517/232658", "correlationVector":"7dwhvKGnanPt7ZGNIl98HS.1","action":"SyncServerConnectionManagerRequest", "result":"SYNC_SERVER_OK", "context":{"environment":"Prod_EastUS2_000e", "migrationStage":"NotStarted", "server":"GENERAL0100002H"}}
{"logTime": "0517/232658", "correlationVector":"7dwhvKGnanPt7ZGNIl98HS.2","action":"Commit Response", "result":"Success", "context":Result: Success. cV=7dwhvKGnanPt7ZGNIl98HS.0;server=GENERAL0100002H;cloudType=Consumer;environment=Prod_EastUS2_000e;migrationStage=NotStarted}
{"logTime": "0517/232738", "correlationVector":"GbhOjbfmpeXy63/GSCj93b","action":"Commit Request", "result":"", "context":Item count: 1
Contributing types: Sessions}
{"logTime": "0517/232738", "correlationVector":"GbhOjbfmpeXy63/GSCj93b.1","action":"SyncServerConnectionManagerRequest", "result":"SYNC_SERVER_OK", "context":{"environment":"Prod_EastUS2_000e", "migrationStage":"NotStarted", "server":"general01000020"}}
{"logTime": "0517/232738", "correlationVector":"GbhOjbfmpeXy63/GSCj93b.2","action":"Commit Response", "result":"Success", "context":Result: Success. cV=GbhOjbfmpeXy63/GSCj93b.0;server=general01000020;cloudType=Consumer;environment=Prod_EastUS2_000e;migrationStage=NotStarted}
{"logTime": "0517/232838", "correlationVector":"yGn/lMEfMcH+eaGWZYAq6e","action":"Commit Request", "result":"", "context":Item count: 1
Contributing types: Sessions}
{"logTime": "0517/232839", "correlationVector":"yGn/lMEfMcH+eaGWZYAq6e.1","action":"SyncServerConnectionManagerRequest", "result":"SYNC_SERVER_OK", "context":{"environment":"Prod_EastUS2_000e", "migrationStage":"NotStarted", "server":"GENERAL0100000B"}}
{"logTime": "0517/232839", "correlationVector":"yGn/lMEfMcH+eaGWZYAq6e.2","action":"Commit Response", "result":"Success", "context":Result: Success. cV=yGn/lMEfMcH+eaGWZYAq6e.0;server=GENERAL0100000B;cloudType=Consumer;environment=Prod_EastUS2_000e;migrationStage=NotStarted}
{"logTime": "0602/185608", "correlationVector":"59hJlxyjuHusjWsTkIkFB8.1","action":"SyncServerConnectionManagerRequest", "result":"SYNC_SERVER_OK", "context":{"environment":"Prod_EastUS2_000e", "migrationStage":"NotStarted", "server":"GENERAL0100002Y"}}
{"logTime": "0602/185608", "correlationVector":"59hJlxyjuHusjWsTkIkFB8","action":"Initial GetUpdates", "result":"", "context":Reason: NEW_CLIENT. cV=59hJlxyjuHusjWsTkIkFB8}
{"logTime": "0602/185608", "correlationVector":"59hJlxyjuHusjWsTkIkFB8.2","action":"GetUpdates Response", "result":"Success", "context":Received 1 update(s). cV=59hJlxyjuHusjWsTkIkFB8.0;server=GENERAL0100002Y;cloudType=Consumer;environment=Prod_EastUS2_000e;migrationStage=NotStarted}
{"logTime": "0602/185608", "correlationVector":"t3T8rkQMCHil791ydR5bLJ","action":"SyncServerConnectionManagerRequest", "result":"SYNC_SERVER_OK", "context":{"environment":"", "migrationStage":"", "server":""}}
{"logTime": "0602/185608", "correlationVector":"vIWknDnCNfCcydVf3jqu2x","action":"Initial GetUpdates", "result":"", "context":Reason: NEWLY_SUPPORTED_DATATYPE. cV=vIWknDnCNfCcydVf3jqu2x}
{"logTime": "0602/185608", "correlationVector":"vIWknDnCNfCcydVf3jqu2x.1","action":"SyncServerConnectionManagerRequest", "result":"SYNC_SERVER_OK", "context":{"environment":"Prod_EastUS2_000e", "migrationStage":"NotStarted", "server":"GENERAL0100001I"}}
{"logTime": "0602/185608", "correlationVector":"vIWknDnCNfCcydVf3jqu2x.2","action":"GetUpdates Response", "result":"Success", "context":Received 10 update(s). cV=vIWknDnCNfCcydVf3jqu2x.0;server=GENERAL0100001I;cloudType=Consumer;environment=Prod_EastUS2_000e;migrationStage=NotStarted}
{"logTime": "0602/185608", "correlationVector":"joASwu4shYic4n/K3FQ1lK","action":"Initial GetUpdates", "result":"", "context":Reason: NEWLY_SUPPORTED_DATATYPE. cV=joASwu4shYic4n/K3FQ1lK}
{"logTime": "0602/185608", "correlationVector":"joASwu4shYic4n/K3FQ1lK.1","action":"SyncServerConnectionManagerRequest", "result":"SYNC_SERVER_OK", "context":{"environment":"Prod_EastUS2_000e", "migrationStage":"NotStarted", "server":"GENERAL01000027"}}
{"logTime": "0602/185608", "correlationVector":"joASwu4shYic4n/K3FQ1lK.2","action":"GetUpdates Response", "result":"Success", "context":Received 0 update(s). cV=joASwu4shYic4n/K3FQ1lK.0;server=GENERAL01000027;cloudType=Consumer;environment=Prod_EastUS2_000e;migrationStage=NotStarted}
{"logTime": "0602/185608", "correlationVector":"QRZYGTzZLu6eIvhr5IUGB9","action":"Normal GetUpdate request", "result":"", "context":cV=QRZYGTzZLu6eIvhr5IUGB9
Nudged types: Sessions, Device Info
Refresh requested types: Bookmarks, Preferences, Passwords, Autofill Profiles, Autofill, Typed URLs, Extensions, Sessions, Extension settings, History Delete Directives, Device Info, User Consents, Send Tab To Self, Web Apps, Collection, Edge E Drop, Edge Hub App Usage, Edge Tab Group, Edge Wallet, Encryption Keys}
{"logTime": "0602/185608", "correlationVector":"QRZYGTzZLu6eIvhr5IUGB9.1","action":"SyncServerConnectionManagerRequest", "result":"SYNC_SERVER_OK", "context":{"environment":"Prod_EastUS2_000e", "migrationStage":"NotStarted", "server":"GENERAL0100001L"}}
{"logTime": "0602/185608", "correlationVector":"QRZYGTzZLu6eIvhr5IUGB9.2","action":"GetUpdates", "result":"DeleteReceived", "context":{"id":"a3470a05-9a85-4b43-a4b7-dc2dd7d65aa2", "isDeleted:":"true", "version":"1715996905145"}}
{"logTime": "0602/185608", "correlationVector":"QRZYGTzZLu6eIvhr5IUGB9.3","action":"GetUpdates", "result":"DeleteReceived", "context":{"id":"85720bb4-b1be-404c-b5f5-2ae8745f14b8", "isDeleted:":"true", "version":"1715996905146"}}
{"logTime": "0602/185608", "correlationVector":"QRZYGTzZLu6eIvhr5IUGB9.4","action":"GetUpdates", "result":"DeleteReceived", "context":{"id":"0d949543-cf4f-4a9b-9a0b-44caaf533781", "isDeleted:":"true", "version":"1715996905147"}}
{"logTime": "0602/185608", "correlationVector":"QRZYGTzZLu6eIvhr5IUGB9.5","action":"GetUpdates", "result":"DeleteReceived", "context":{"id":"76368465-6190-46fc-893d-7b62cd8ca470", "isDeleted:":"true", "version":"1715996905149"}}
{"logTime": "0602/185608", "correlationVector":"QRZYGTzZLu6eIvhr5IUGB9.6","action":"GetUpdates", "result":"DeleteReceived", "context":{"id":"b3d06b60-5924-4f7a-b0c4-bbcdf5b7fee5", "isDeleted:":"true", "version":"1715996905150"}}
{"logTime": "0602/185608", "correlationVector":"QRZYGTzZLu6eIvhr5IUGB9.7","action":"GetUpdates", "result":"DeleteReceived", "context":{"id":"98d1560f-787d-43ab-8e09-470a3593185c", "isDeleted:":"true", "version":"1716079799069"}}
{"logTime": "0602/185608", "correlationVector":"QRZYGTzZLu6eIvhr5IUGB9.8","action":"GetUpdates", "result":"DeleteReceived", "context":{"id":"6f357a82-9d24-4caa-a706-1ce09259c89d", "isDeleted:":"true", "version":"1716079799070"}}
{"logTime": "0602/185608", "correlationVector":"QRZYGTzZLu6eIvhr5IUGB9.9","action":"GetUpdates", "result":"DeleteReceived", "context":{"id":"fa9e8e66-72e5-4ecc-958e-95e7d1272bda", "isDeleted:":"true", "version":"1716079799071"}}
{"logTime": "0602/185608", "correlationVector":"QRZYGTzZLu6eIvhr5IUGB9.10","action":"GetUpdates", "result":"DeleteReceived", "context":{"id":"a05a02fe-b019-44d6-a7df-064bb2b11adb", "isDeleted:":"true", "version":"1716079799073"}}
{"logTime": "0602/185608", "correlationVector":"QRZYGTzZLu6eIvhr5IUGB9.11","action":"GetUpdates", "result":"DeleteReceived", "context":{"id":"14246579-b3ab-4d34-b589-6e9fc1bf1876", "isDeleted:":"true", "version":"1716079799074"}}
{"logTime": "0602/185608", "correlationVector":"QRZYGTzZLu6eIvhr5IUGB9.12","action":"GetUpdates", "result":"DeleteReceived", "context":{"id":"234f90f3-0252-4594-ba48-82809aa003d8", "isDeleted:":"true", "version":"1716162180321"}}
{"logTime": "0602/185608", "correlationVector":"QRZYGTzZLu6eIvhr5IUGB9.13","action":"GetUpdates", "result":"DeleteReceived", "context":{"id":"791a80f3-a781-41e3-886f-8ca60d2c34aa", "isDeleted:":"true", "version":"1716162180322"}}
{"logTime": "0602/185608", "correlationVector":"QRZYGTzZLu6eIvhr5IUGB9.14","action":"GetUpdates", "result":"DeleteReceived", "context":{"id":"210f2632-9138-48a4-ae59-ed07e30dd3b9", "isDeleted:":"true", "version":"1716162180323"}}
{"logTime": "0602/185608", "correlationVector":"QRZYGTzZLu6eIvhr5IUGB9.15","action":"GetUpdates", "result":"DeleteReceived", "context":{"id":"48905ac8-6734-474e-90d0-8ce5945cbcba", "isDeleted:":"true", "version":"1716162180325"}}
{"logTime": "0602/185608", "correlationVector":"QRZYGTzZLu6eIvhr5IUGB9.16","action":"GetUpdates", "result":"DeleteReceived", "context":{"id":"f9a0cfac-1a0c-4f16-a0d5-a6a77ce31a33", "isDeleted:":"true", "version":"1716162180326"}}
{"logTime": "0602/185608", "correlationVector":"QRZYGTzZLu6eIvhr5IUGB9.17","action":"GetUpdates", "result":"DeleteReceived", "context":{"id":"5ce88e8d-af95-4aa8-9c9b-4cf2278c55a7", "isDeleted:":"true", "version":"1716252587705"}}
{"logTime": "0602/185608", "correlationVector":"QRZYGTzZLu6eIvhr5IUGB9.18","action":"GetUpdates", "result":"DeleteReceived", "context":{"id":"c40089bd-2adb-4730-98f8-fa1967498f18", "isDeleted:":"true", "version":"1716252587707"}}
{"logTime": "0602/185608", "correlationVector":"QRZYGTzZLu6eIvhr5IUGB9.19","action":"GetUpdates", "result":"DeleteReceived", "context":{"id":"655b38c8-7043-46ec-9665-746f9dc50809", "isDeleted:":"true", "version":"1716252587709"}}
{"logTime": "0602/185609", "correlationVector":"QRZYGTzZLu6eIvhr5IUGB9.20","action":"GetUpdates", "result":"DeleteReceived", "context":{"id":"56638501-5fed-418f-adc2-0d4c42645602", "isDeleted:":"true", "version":"1716252587710"}}
{"logTime": "0602/185609", "correlationVector":"QRZYGTzZLu6eIvhr5IUGB9.21","action":"GetUpdates", "result":"DeleteReceived", "context":{"id":"6a119537-99d7-4f53-908e-2f5a59ed22ed", "isDeleted:":"true", "version":"1716417312030"}}
{"logTime": "0602/185609", "correlationVector":"QRZYGTzZLu6eIvhr5IUGB9.22","action":"GetUpdates", "result":"DeleteReceived", "context":{"id":"9608f59d-a418-4ba9-b172-afccf1e05128", "isDeleted:":"true", "version":"1716417312031"}}
{"logTime": "0602/185609", "correlationVector":"QRZYGTzZLu6eIvhr5IUGB9.23","action":"GetUpdates", "result":"DeleteReceived", "context":{"id":"e4bd1a91-55ed-4b1b-b245-9e1442a1096f", "isDeleted:":"true", "version":"1716513838185"}}
{"logTime": "0602/185609", "correlationVector":"QRZYGTzZLu6eIvhr5IUGB9.24","action":"GetUpdates", "result":"DeleteReceived", "context":{"id":"cea11a3a-77a4-4459-bf3f-7e2eb13fe6c7", "isDeleted:":"true", "version":"1716513838186"}}
{"logTime": "0602/185609", "correlationVector":"QRZYGTzZLu6eIvhr5IUGB9.25","action":"GetUpdates", "result":"DeleteReceived", "context":{"id":"d0a5ab8e-238d-4bcb-b4fd-f34a0d9ea378", "isDeleted:":"true", "version":"1716513838187"}}
{"logTime": "0602/185609", "correlationVector":"QRZYGTzZLu6eIvhr5IUGB9.26","action":"GetUpdates", "result":"DeleteReceived", "context":{"id":"1f30709b-7f63-42eb-be3b-485b4e9f5747", "isDeleted:":"true", "version":"1716513838188"}}
{"logTime": "0602/185609", "correlationVector":"QRZYGTzZLu6eIvhr5IUGB9.27","action":"GetUpdates", "result":"DeleteReceived", "context":{"id":"1b0b060c-cd90-406a-851a-3cc5810e4861", "isDeleted:":"true", "version":"1716513838190"}}
{"logTime": "0602/185609", "correlationVector":"QRZYGTzZLu6eIvhr5IUGB9.28","action":"GetUpdates", "result":"DeleteReceived", "context":{"id":"de864b00-033f-481b-a211-7bc9505d9a79", "isDeleted:":"true", "version":"1716513838191"}}
{"logTime": "0602/185609", "correlationVector":"QRZYGTzZLu6eIvhr5IUGB9.29","action":"GetUpdates", "result":"DeleteReceived", "context":{"id":"fcc080b9-1648-4415-8c4f-b00496fbb4b3", "isDeleted:":"true", "version":"1716669264690"}}
{"logTime": "0602/185609", "correlationVector":"QRZYGTzZLu6eIvhr5IUGB9.30","action":"GetUpdates", "result":"DeleteReceived", "context":{"id":"99ede40b-eabb-44a9-af21-c87978223cd2", "isDeleted:":"true", "version":"1716743926174"}}
{"logTime": "0602/185609", "correlationVector":"QRZYGTzZLu6eIvhr5IUGB9.31","action":"GetUpdates", "result":"DeleteReceived", "context":{"id":"95331f59-a0c7-46ab-a1dd-20960bda2ac7", "isDeleted:":"true", "version":"1716744418249"}}
{"logTime": "0602/185609", "correlationVector":"QRZYGTzZLu6eIvhr5IUGB9.32","action":"GetUpdates", "result":"DeleteReceived", "context":{"id":"7175a27d-d645-4a1d-8ffd-ea2360f6c5f3", "isDeleted:":"true", "version":"1716744418250"}}
{"logTime": "0602/185609", "correlationVector":"QRZYGTzZLu6eIvhr5IUGB9.33","action":"GetUpdates", "result":"DeleteReceived", "context":{"id":"cfdcd458-7717-44fd-838c-10ae5cf08ed0", "isDeleted:":"true", "version":"1716744450004"}}
{"logTime": "0602/185609", "correlationVector":"QRZYGTzZLu6eIvhr5IUGB9.34","action":"GetUpdates", "result":"DeleteReceived", "context":{"id":"fe47e1ff-158c-4963-9f06-fa89e5fce27d", "isDeleted:":"true", "version":"1716744620638"}}
{"logTime": "0602/185609", "correlationVector":"QRZYGTzZLu6eIvhr5IUGB9.35","action":"GetUpdates", "result":"DeleteReceived", "context":{"id":"88784e35-4dba-4203-9275-cc260ba0142b", "isDeleted:":"true", "version":"1716744620639"}}
{"logTime": "0602/185609", "correlationVector":"QRZYGTzZLu6eIvhr5IUGB9.36","action":"GetUpdates", "result":"DeleteReceived", "context":{"id":"ba115e66-06e1-4303-adc3-763331cf6c0e", "isDeleted:":"true", "version":"1716744620640"}}
{"logTime": "0602/185609", "correlationVector":"QRZYGTzZLu6eIvhr5IUGB9.37","action":"GetUpdates", "result":"DeleteReceived", "context":{"id":"8154c50f-4544-4f2c-8064-0b03ffaeb836", "isDeleted:":"true", "version":"1716848701432"}}
{"logTime": "0602/185609", "correlationVector":"QRZYGTzZLu6eIvhr5IUGB9.38","action":"GetUpdates", "result":"DeleteReceived", "context":{"id":"d9674726-8f0b-4522-863a-122e4fe0d19f", "isDeleted:":"true", "version":"1716848701433"}}
{"logTime": "0602/185609", "correlationVector":"QRZYGTzZLu6eIvhr5IUGB9.39","action":"GetUpdates", "result":"DeleteReceived", "context":{"id":"520d2005-77d9-4918-a50a-d548f58c331b", "isDeleted:":"true", "version":"1716848701435"}}
{"logTime": "0602/185609", "correlationVector":"QRZYGTzZLu6eIvhr5IUGB9.40","action":"GetUpdates", "result":"DeleteReceived", "context":{"id":"68302fbf-a190-4e34-a4c9-f28796d5de03", "isDeleted:":"true", "version":"1716848701437"}}
{"logTime": "0602/185609", "correlationVector":"QRZYGTzZLu6eIvhr5IUGB9.41","action":"GetUpdates", "result":"DeleteReceived", "context":{"id":"2d476bcd-5061-4167-a974-6f9565dae6f5", "isDeleted:":"true", "version":"1716848701438"}}
{"logTime": "0602/185609", "correlationVector":"QRZYGTzZLu6eIvhr5IUGB9.42","action":"GetUpdates", "result":"DeleteReceived", "context":{"id":"63ddab58-3bd0-4076-b0ba-672d22bb7b02", "isDeleted:":"true", "version":"1717277243293"}}
{"logTime": "0602/185609", "correlationVector":"QRZYGTzZLu6eIvhr5IUGB9.43","action":"GetUpdates", "result":"DeleteReceived", "context":{"id":"4c7c3fe2-ee60-4132-931f-07691d4edf1c", "isDeleted:":"true", "version":"1717277243294"}}
{"logTime": "0602/185609", "correlationVector":"QRZYGTzZLu6eIvhr5IUGB9.44","action":"GetUpdates Response", "result":"Success", "context":Received 61 update(s). cV=QRZYGTzZLu6eIvhr5IUGB9.0;server=GENERAL0100001L;cloudType=Consumer;environment=Prod_EastUS2_000e;migrationStage=NotStarted}
{"logTime": "0602/185609", "correlationVector":"VidPSVs5LsuCK+LJGKWqfD","action":"Commit Request", "result":"", "context":Item count: 3
Contributing types: Sessions, Device Info}
{"logTime": "0602/185609", "correlationVector":"VidPSVs5LsuCK+LJGKWqfD.1","action":"SyncServerConnectionManagerRequest", "result":"SYNC_SERVER_OK", "context":{"environment":"Prod_EastUS2_000e", "migrationStage":"NotStarted", "server":"GENERAL01000015"}}
{"logTime": "0602/185609", "correlationVector":"VidPSVs5LsuCK+LJGKWqfD.2","action":"Commit Response", "result":"Success", "context":Result: Success. cV=VidPSVs5LsuCK+LJGKWqfD.0;server=GENERAL01000015;cloudType=Consumer;environment=Prod_EastUS2_000e;migrationStage=NotStarted}
{"logTime": "0602/185609", "correlationVector":"UZKr55VXrqHBqLxzcpWKSA","action":"Normal GetUpdate request", "result":"", "context":cV=UZKr55VXrqHBqLxzcpWKSA
Nudged types: Sessions, Device Info}
{"logTime": "0602/185609", "correlationVector":"UZKr55VXrqHBqLxzcpWKSA.1","action":"SyncServerConnectionManagerRequest", "result":"SYNC_SERVER_OK", "context":{"environment":"Prod_EastUS2_000e", "migrationStage":"NotStarted", "server":"GENERAL0100001D"}}
{"logTime": "0602/185609", "correlationVector":"UZKr55VXrqHBqLxzcpWKSA.2","action":"GetUpdates Response", "result":"Success", "context":Received 3 update(s). cV=UZKr55VXrqHBqLxzcpWKSA.0;server=GENERAL0100001D;cloudType=Consumer;environment=Prod_EastUS2_000e;migrationStage=NotStarted}
{"logTime": "0602/185609", "correlationVector":"1I/xrQFJUJTQeAcrzyyHoC","action":"Poll GetUpdate request", "result":"", "context":cV=1I/xrQFJUJTQeAcrzyyHoC}
{"logTime": "0602/185609", "correlationVector":"1I/xrQFJUJTQeAcrzyyHoC.1","action":"SyncServerConnectionManagerRequest", "result":"SYNC_SERVER_OK", "context":{"environment":"Prod_EastUS2_000e", "migrationStage":"NotStarted", "server":"GENERAL0100001E"}}
{"logTime": "0602/185609", "correlationVector":"1I/xrQFJUJTQeAcrzyyHoC.2","action":"GetUpdates Response", "result":"Success", "context":Received 0 update(s). cV=1I/xrQFJUJTQeAcrzyyHoC.0;server=GENERAL0100001E;cloudType=Consumer;environment=Prod_EastUS2_000e;migrationStage=NotStarted}
{"logTime": "0602/185635", "correlationVector":"+5mf1QQXaNsFsQaE/ioPX1","action":"Commit Request", "result":"", "context":Item count: 1
Contributing types: Sessions}
{"logTime": "0602/185635", "correlationVector":"+5mf1QQXaNsFsQaE/ioPX1.1","action":"SyncServerConnectionManagerRequest", "result":"SYNC_SERVER_OK", "context":{"environment":"Prod_EastUS2_000e", "migrationStage":"NotStarted", "server":"GENERAL0100001K"}}
{"logTime": "0602/185635", "correlationVector":"+5mf1QQXaNsFsQaE/ioPX1.2","action":"Commit Response", "result":"Success", "context":Result: Success. cV=+5mf1QQXaNsFsQaE/ioPX1.0;server=GENERAL0100001K;cloudType=Consumer;environment=Prod_EastUS2_000e;migrationStage=NotStarted}
{"logTime": "0602/185701", "correlationVector":"IZM/Y8DpjLAG1bMJvEcbpz","action":"Normal GetUpdate request", "result":"", "context":cV=IZM/Y8DpjLAG1bMJvEcbpz
Notified types: Preferences}
{"logTime": "0602/185702", "correlationVector":"IZM/Y8DpjLAG1bMJvEcbpz.1","action":"SyncServerConnectionManagerRequest", "result":"SYNC_SERVER_OK", "context":{"environment":"Prod_EastUS2_000e", "migrationStage":"NotStarted", "server":"GENERAL0100001M"}}
{"logTime": "0602/185702", "correlationVector":"IZM/Y8DpjLAG1bMJvEcbpz.2","action":"GetUpdates Response", "result":"Success", "context":Received 2 update(s). cV=IZM/Y8DpjLAG1bMJvEcbpz.0;server=GENERAL0100001M;cloudType=Consumer;environment=Prod_EastUS2_000e;migrationStage=NotStarted}
{"logTime": "0602/185710", "correlationVector":"UYTKKLLKLj9T5ocFnFh70H","action":"Normal GetUpdate request", "result":"", "context":cV=UYTKKLLKLj9T5ocFnFh70H
Notified types: Preferences}
{"logTime": "0602/185711", "correlationVector":"UYTKKLLKLj9T5ocFnFh70H.1","action":"SyncServerConnectionManagerRequest", "result":"SYNC_SERVER_OK", "context":{"environment":"Prod_EastUS2_000e", "migrationStage":"NotStarted", "server":"GENERAL0100000U"}}
{"logTime": "0602/185711", "correlationVector":"UYTKKLLKLj9T5ocFnFh70H.2","action":"GetUpdates Response", "result":"Success", "context":Received 1 update(s). cV=UYTKKLLKLj9T5ocFnFh70H.0;server=GENERAL0100000U;cloudType=Consumer;environment=Prod_EastUS2_000e;migrationStage=NotStarted}
{"logTime": "0602/185721", "correlationVector":"Dhd78Q8zhDg5at2l6WDrFn","action":"Normal GetUpdate request", "result":"", "context":cV=Dhd78Q8zhDg5at2l6WDrFn
Notified types: Preferences}
{"logTime": "0602/185722", "correlationVector":"Dhd78Q8zhDg5at2l6WDrFn.1","action":"SyncServerConnectionManagerRequest", "result":"SYNC_SERVER_OK", "context":{"environment":"Prod_EastUS2_000e", "migrationStage":"NotStarted", "server":"GENERAL0100001H"}}
{"logTime": "0602/185722", "correlationVector":"Dhd78Q8zhDg5at2l6WDrFn.2","action":"GetUpdates Response", "result":"Success", "context":Received 1 update(s). cV=Dhd78Q8zhDg5at2l6WDrFn.0;server=GENERAL0100001H;cloudType=Consumer;environment=Prod_EastUS2_000e;migrationStage=NotStarted}
{"logTime": "0602/190059", "correlationVector":"Ze2TSACNLn1D0qSR3J6gBy","action":"Normal GetUpdate request", "result":"", "context":cV=Ze2TSACNLn1D0qSR3J6gBy
Refresh requested types: Bookmarks, Preferences, Passwords, Autofill Profiles, Autofill, Typed URLs, Extensions, Sessions, Extension settings, History Delete Directives, Device Info, User Consents, Send Tab To Self, Web Apps, Collection, Edge E Drop, Edge Hub App Usage, Edge Tab Group, Edge Wallet, Encryption Keys}
{"logTime": "0602/190059", "correlationVector":"Ze2TSACNLn1D0qSR3J6gBy.1","action":"SyncServerConnectionManagerRequest", "result":"SYNC_SERVER_OK", "context":{"environment":"Prod_EastUS2_000e", "migrationStage":"NotStarted", "server":"GENERAL01000004"}}
{"logTime": "0602/190059", "correlationVector":"Ze2TSACNLn1D0qSR3J6gBy.2","action":"GetUpdates Response", "result":"Success", "context":Received 0 update(s). cV=Ze2TSACNLn1D0qSR3J6gBy.0;server=GENERAL01000004;cloudType=Consumer;environment=Prod_EastUS2_000e;migrationStage=NotStarted}
{"logTime": "0602/190526", "correlationVector":"B5QYDEtNh4hno542CxsluO","action":"Commit Request", "result":"", "context":Item count: 1
Contributing types: Sessions}
{"logTime": "0602/190527", "correlationVector":"B5QYDEtNh4hno542CxsluO.1","action":"SyncServerConnectionManagerRequest", "result":"SYNC_SERVER_OK", "context":{"environment":"Prod_EastUS2_000e", "migrationStage":"NotStarted", "server":"GENERAL0100002K"}}
{"logTime": "0602/190527", "correlationVector":"B5QYDEtNh4hno542CxsluO.2","action":"Commit Response", "result":"Success", "context":Result: Success. cV=B5QYDEtNh4hno542CxsluO.0;server=GENERAL0100002K;cloudType=Consumer;environment=Prod_EastUS2_000e;migrationStage=NotStarted}
{"logTime": "0602/190607", "correlationVector":"qg/97K/w9pal1NP/FrPNp3","action":"Commit Request", "result":"", "context":Item count: 1
Contributing types: Sessions}
{"logTime": "0602/190608", "correlationVector":"qg/97K/w9pal1NP/FrPNp3.1","action":"SyncServerConnectionManagerRequest", "result":"SYNC_SERVER_OK", "context":{"environment":"Prod_EastUS2_000e", "migrationStage":"NotStarted", "server":"GENERAL01000017"}}
{"logTime": "0602/190608", "correlationVector":"qg/97K/w9pal1NP/FrPNp3.2","action":"Commit Response", "result":"Success", "context":Result: Success. cV=qg/97K/w9pal1NP/FrPNp3.0;server=GENERAL01000017;cloudType=Consumer;environment=Prod_EastUS2_000e;migrationStage=NotStarted}
{"logTime": "0602/190905", "correlationVector":"kN+T6Fd46QqhX0CxcU5liP","action":"Commit Request", "result":"", "context":Item count: 1
Contributing types: Sessions}
{"logTime": "0602/190905", "correlationVector":"kN+T6Fd46QqhX0CxcU5liP.1","action":"SyncServerConnectionManagerRequest", "result":"SYNC_SERVER_OK", "context":{"environment":"Prod_EastUS2_000e", "migrationStage":"NotStarted", "server":"GENERAL0100002P"}}
{"logTime": "0602/190905", "correlationVector":"kN+T6Fd46QqhX0CxcU5liP.2","action":"Commit Response", "result":"Success", "context":Result: Success. cV=kN+T6Fd46QqhX0CxcU5liP.0;server=GENERAL0100002P;cloudType=Consumer;environment=Prod_EastUS2_000e;migrationStage=NotStarted}
{"logTime": "0602/191019", "correlationVector":"ruoaqHRZ/7w7DNWe2hIrTG.1","action":"SyncServerConnectionManagerRequest", "result":"SYNC_SERVER_OK", "context":{"environment":"Prod_EastUS2_000e", "migrationStage":"NotStarted", "server":"GENERAL0100002T"}}
{"logTime": "0602/191019", "correlationVector":"ruoaqHRZ/7w7DNWe2hIrTG","action":"Initial GetUpdates", "result":"", "context":Reason: NEW_CLIENT. cV=ruoaqHRZ/7w7DNWe2hIrTG}
{"logTime": "0602/191019", "correlationVector":"ruoaqHRZ/7w7DNWe2hIrTG.2","action":"GetUpdates Response", "result":"Success", "context":Received 1 update(s). cV=ruoaqHRZ/7w7DNWe2hIrTG.0;server=GENERAL0100002T;cloudType=Consumer;environment=Prod_EastUS2_000e;migrationStage=NotStarted}
{"logTime": "0602/191019", "correlationVector":"imdhQRovzfLVv/dZZX/Wu5","action":"Initial GetUpdates", "result":"", "context":Reason: NEWLY_SUPPORTED_DATATYPE. cV=imdhQRovzfLVv/dZZX/Wu5}
{"logTime": "0602/191019", "correlationVector":"imdhQRovzfLVv/dZZX/Wu5.1","action":"SyncServerConnectionManagerRequest", "result":"SYNC_SERVER_OK", "context":{"environment":"Prod_EastUS2_000e", "migrationStage":"NotStarted", "server":"GENERAL0100000H"}}
{"logTime": "0602/191019", "correlationVector":"imdhQRovzfLVv/dZZX/Wu5.2","action":"GetUpdates Response", "result":"Success", "context":Received 10 update(s). cV=imdhQRovzfLVv/dZZX/Wu5.0;server=GENERAL0100000H;cloudType=Consumer;environment=Prod_EastUS2_000e;migrationStage=NotStarted}
{"logTime": "0602/191019", "correlationVector":"nM93RfBlI1sAdkGBPZ6FMY","action":"SyncServerConnectionManagerRequest", "result":"SYNC_SERVER_OK", "context":{"environment":"", "migrationStage":"", "server":""}}
{"logTime": "0602/191019", "correlationVector":"mD9A191fjsNdJS+h07pwFD","action":"Initial GetUpdates", "result":"", "context":Reason: NEWLY_SUPPORTED_DATATYPE. cV=mD9A191fjsNdJS+h07pwFD}
{"logTime": "0602/191019", "correlationVector":"mD9A191fjsNdJS+h07pwFD.1","action":"SyncServerConnectionManagerRequest", "result":"SYNC_SERVER_OK", "context":{"environment":"Prod_EastUS2_000e", "migrationStage":"NotStarted", "server":"GENERAL0100002Q"}}
{"logTime": "0602/191019", "correlationVector":"mD9A191fjsNdJS+h07pwFD.2","action":"GetUpdates Response", "result":"Success", "context":Received 0 update(s). cV=mD9A191fjsNdJS+h07pwFD.0;server=GENERAL0100002Q;cloudType=Consumer;environment=Prod_EastUS2_000e;migrationStage=NotStarted}
{"logTime": "0602/191019", "correlationVector":"uucsE8BC/i9mqaSUSbuiwA","action":"Normal GetUpdate request", "result":"", "context":cV=uucsE8BC/i9mqaSUSbuiwA
Nudged types: Sessions
Refresh requested types: Bookmarks, Preferences, Passwords, Autofill Profiles, Autofill, Typed URLs, Extensions, Sessions, Extension settings, History Delete Directives, Device Info, User Consents, Send Tab To Self, Web Apps, Collection, Edge E Drop, Edge Hub App Usage, Edge Tab Group, Edge Wallet, Encryption Keys}
{"logTime": "0602/191019", "correlationVector":"uucsE8BC/i9mqaSUSbuiwA.1","action":"SyncServerConnectionManagerRequest", "result":"SYNC_SERVER_OK", "context":{"environment":"Prod_EastUS2_000e", "migrationStage":"NotStarted", "server":"GENERAL0100002J"}}
{"logTime": "0602/191019", "correlationVector":"uucsE8BC/i9mqaSUSbuiwA.2","action":"GetUpdates Response", "result":"Success", "context":Received 1 update(s). cV=uucsE8BC/i9mqaSUSbuiwA.0;server=GENERAL0100002J;cloudType=Consumer;environment=Prod_EastUS2_000e;migrationStage=NotStarted}
{"logTime": "0602/191019", "correlationVector":"/nL9YeTVyEc2j8Y8GzMrzW","action":"Commit Request", "result":"", "context":Item count: 3
Contributing types: Sessions}
{"logTime": "0602/191019", "correlationVector":"/nL9YeTVyEc2j8Y8GzMrzW.1","action":"SyncServerConnectionManagerRequest", "result":"SYNC_SERVER_OK", "context":{"environment":"Prod_EastUS2_000e", "migrationStage":"NotStarted", "server":"GENERAL0100002B"}}
{"logTime": "0602/191019", "correlationVector":"/nL9YeTVyEc2j8Y8GzMrzW.2","action":"Commit Response", "result":"Success", "context":Result: Success. cV=/nL9YeTVyEc2j8Y8GzMrzW.0;server=GENERAL0100002B;cloudType=Consumer;environment=Prod_EastUS2_000e;migrationStage=NotStarted}
{"logTime": "0602/191339", "correlationVector":"gEnufUcxvvaVNfQR4K3Bdl.1","action":"SyncServerConnectionManagerRequest", "result":"SYNC_SERVER_OK", "context":{"environment":"Prod_EastUS2_000e", "migrationStage":"NotStarted", "server":"GENERAL0100002K"}}
{"logTime": "0602/191339", "correlationVector":"gEnufUcxvvaVNfQR4K3Bdl","action":"Initial GetUpdates", "result":"", "context":Reason: NEW_CLIENT. cV=gEnufUcxvvaVNfQR4K3Bdl}
{"logTime": "0602/191339", "correlationVector":"gEnufUcxvvaVNfQR4K3Bdl.2","action":"GetUpdates Response", "result":"Success", "context":Received 1 update(s). cV=gEnufUcxvvaVNfQR4K3Bdl.0;server=GENERAL0100002K;cloudType=Consumer;environment=Prod_EastUS2_000e;migrationStage=NotStarted}
{"logTime": "0602/191339", "correlationVector":"tM46B+lTUiLlE4xG0AQdnP","action":"Initial GetUpdates", "result":"", "context":Reason: NEWLY_SUPPORTED_DATATYPE. cV=tM46B+lTUiLlE4xG0AQdnP}
{"logTime": "0602/191339", "correlationVector":"tM46B+lTUiLlE4xG0AQdnP.1","action":"SyncServerConnectionManagerRequest", "result":"SYNC_SERVER_OK", "context":{"environment":"Prod_EastUS2_000e", "migrationStage":"NotStarted", "server":"GENERAL0100001M"}}
{"logTime": "0602/191339", "correlationVector":"tM46B+lTUiLlE4xG0AQdnP.2","action":"GetUpdates Response", "result":"Success", "context":Received 10 update(s). cV=tM46B+lTUiLlE4xG0AQdnP.0;server=GENERAL0100001M;cloudType=Consumer;environment=Prod_EastUS2_000e;migrationStage=NotStarted}
{"logTime": "0602/191339", "correlationVector":"hDgUHXWoMoymIpQ5QcaMIn","action":"Initial GetUpdates", "result":"", "context":Reason: NEWLY_SUPPORTED_DATATYPE. cV=hDgUHXWoMoymIpQ5QcaMIn}
{"logTime": "0602/191339", "correlationVector":"hDgUHXWoMoymIpQ5QcaMIn.1","action":"SyncServerConnectionManagerRequest", "result":"SYNC_SERVER_OK", "context":{"environment":"Prod_EastUS2_000e", "migrationStage":"NotStarted", "server":"GENERAL0100001B"}}
{"logTime": "0602/191339", "correlationVector":"hDgUHXWoMoymIpQ5QcaMIn.2","action":"GetUpdates Response", "result":"Success", "context":Received 0 update(s). cV=hDgUHXWoMoymIpQ5QcaMIn.0;server=GENERAL0100001B;cloudType=Consumer;environment=Prod_EastUS2_000e;migrationStage=NotStarted}
{"logTime": "0602/191339", "correlationVector":"0H6X98W9MbovH9pEg7KSwa","action":"SyncServerConnectionManagerRequest", "result":"SYNC_SERVER_OK", "context":{"environment":"", "migrationStage":"", "server":""}}
{"logTime": "0602/191339", "correlationVector":"0+aoRh6yTTi2DExhzuZ79s","action":"Normal GetUpdate request", "result":"", "context":cV=0+aoRh6yTTi2DExhzuZ79s
Nudged types: Sessions
Refresh requested types: Bookmarks, Preferences, Passwords, Autofill Profiles, Autofill, Typed URLs, Extensions, Sessions, Extension settings, History Delete Directives, Device Info, User Consents, Send Tab To Self, Web Apps, Collection, Edge E Drop, Edge Hub App Usage, Edge Tab Group, Edge Wallet, Encryption Keys}
{"logTime": "0602/191339", "correlationVector":"0+aoRh6yTTi2DExhzuZ79s.1","action":"SyncServerConnectionManagerRequest", "result":"SYNC_SERVER_OK", "context":{"environment":"Prod_EastUS2_000e", "migrationStage":"NotStarted", "server":"GENERAL01000039"}}
{"logTime": "0602/191339", "correlationVector":"0+aoRh6yTTi2DExhzuZ79s.2","action":"GetUpdates Response", "result":"Success", "context":Received 3 update(s). cV=0+aoRh6yTTi2DExhzuZ79s.0;server=GENERAL01000039;cloudType=Consumer;environment=Prod_EastUS2_000e;migrationStage=NotStarted}
{"logTime": "0602/191339", "correlationVector":"nrCBrP2E0QU9kXRYMG50Ru","action":"Commit Request", "result":"", "context":Item count: 3
Contributing types: Sessions}
{"logTime": "0602/191339", "correlationVector":"nrCBrP2E0QU9kXRYMG50Ru.1","action":"SyncServerConnectionManagerRequest", "result":"SYNC_SERVER_OK", "context":{"environment":"Prod_EastUS2_000e", "migrationStage":"NotStarted", "server":"GENERAL01000016"}}
{"logTime": "0602/191339", "correlationVector":"nrCBrP2E0QU9kXRYMG50Ru.2","action":"Commit Response", "result":"Success", "context":Result: Success. cV=nrCBrP2E0QU9kXRYMG50Ru.0;server=GENERAL01000016;cloudType=Consumer;environment=Prod_EastUS2_000e;migrationStage=NotStarted}
{"logTime": "0602/191339", "correlationVector":"Wr7AnDKdCY4iY/VgMDR0l6","action":"Normal GetUpdate request", "result":"", "context":cV=Wr7AnDKdCY4iY/VgMDR0l6
Nudged types: Sessions
Refresh requested types: Bookmarks, Preferences, Passwords, Autofill Profiles, Autofill, Typed URLs, Extensions, Sessions, Extension settings, History Delete Directives, Device Info, User Consents, Send Tab To Self, Web Apps, Collection, Edge E Drop, Edge Hub App Usage, Edge Tab Group, Edge Wallet, Encryption Keys}
{"logTime": "0602/191339", "correlationVector":"Wr7AnDKdCY4iY/VgMDR0l6.1","action":"SyncServerConnectionManagerRequest", "result":"SYNC_SERVER_OK", "context":{"environment":"Prod_EastUS2_000e", "migrationStage":"NotStarted", "server":"GENERAL0100002N"}}
{"logTime": "0602/191339", "correlationVector":"Wr7AnDKdCY4iY/VgMDR0l6.2","action":"GetUpdates Response", "result":"Success", "context":Received 3 update(s). cV=Wr7AnDKdCY4iY/VgMDR0l6.0;server=GENERAL0100002N;cloudType=Consumer;environment=Prod_EastUS2_000e;migrationStage=NotStarted}
{"logTime": "0602/191404", "correlationVector":"RZl7B74HRzS1CRFM/m06y6","action":"Commit Request", "result":"", "context":Item count: 2
Contributing types: Sessions}
{"logTime": "0602/191404", "correlationVector":"RZl7B74HRzS1CRFM/m06y6.1","action":"SyncServerConnectionManagerRequest", "result":"SYNC_SERVER_OK", "context":{"environment":"Prod_EastUS2_000e", "migrationStage":"NotStarted", "server":"GENERAL01000021"}}
{"logTime": "0602/191404", "correlationVector":"RZl7B74HRzS1CRFM/m06y6.3","action":"Commit.Sessions", "result":"Success", "context":{"id":"b61165c6-39c7-4e89-b683-578a6c7d7717", "isDeleted":"true", "size":"0", "version":"1717355611395"}}
{"logTime": "0602/191404", "correlationVector":"RZl7B74HRzS1CRFM/m06y6.2","action":"Commit Response", "result":"Success", "context":Result: Success. cV=RZl7B74HRzS1CRFM/m06y6.0;server=GENERAL01000021;cloudType=Consumer;environment=Prod_EastUS2_000e;migrationStage=NotStarted}
{"logTime": "0602/191551", "correlationVector":"MNzppsf/kwC0dYpNQzfbJ1","action":"Commit Request", "result":"", "context":Item count: 1
Contributing types: Sessions}
{"logTime": "0602/191551", "correlationVector":"MNzppsf/kwC0dYpNQzfbJ1.1","action":"SyncServerConnectionManagerRequest", "result":"SYNC_SERVER_OK", "context":{"environment":"Prod_EastUS2_000e", "migrationStage":"NotStarted", "server":"GENERAL01000027"}}
{"logTime": "0602/191551", "correlationVector":"MNzppsf/kwC0dYpNQzfbJ1.2","action":"Commit Response", "result":"Success", "context":Result: Success. cV=MNzppsf/kwC0dYpNQzfbJ1.0;server=GENERAL01000027;cloudType=Consumer;environment=Prod_EastUS2_000e;migrationStage=NotStarted}
{"logTime": "0602/191650", "correlationVector":"OV7ONnnM/6SgPgxHDEAfFr","action":"Commit Request", "result":"", "context":Item count: 1
Contributing types: Sessions}
{"logTime": "0602/191651", "correlationVector":"OV7ONnnM/6SgPgxHDEAfFr.1","action":"SyncServerConnectionManagerRequest", "result":"SYNC_SERVER_OK", "context":{"environment":"Prod_EastUS2_000e", "migrationStage":"NotStarted", "server":"GENERAL01000015"}}
{"logTime": "0602/191651", "correlationVector":"OV7ONnnM/6SgPgxHDEAfFr.2","action":"Commit Response", "result":"Success", "context":Result: Success. cV=OV7ONnnM/6SgPgxHDEAfFr.0;server=GENERAL01000015;cloudType=Consumer;environment=Prod_EastUS2_000e;migrationStage=NotStarted}
{"logTime": "0602/191833", "correlationVector":"8SvbZpS1ou3hBR+QeYgHEg","action":"Normal GetUpdate request", "result":"", "context":cV=8SvbZpS1ou3hBR+QeYgHEg
Refresh requested types: Bookmarks, Preferences, Passwords, Autofill Profiles, Autofill, Typed URLs, Extensions, Sessions, Extension settings, History Delete Directives, Device Info, User Consents, Send Tab To Self, Web Apps, Collection, Edge E Drop, Edge Hub App Usage, Edge Tab Group, Edge Wallet, Encryption Keys}
{"logTime": "0602/191833", "correlationVector":"8SvbZpS1ou3hBR+QeYgHEg.1","action":"SyncServerConnectionManagerRequest", "result":"SYNC_SERVER_OK", "context":{"environment":"Prod_EastUS2_000e", "migrationStage":"NotStarted", "server":"GENERAL01000008"}}
{"logTime": "0602/191833", "correlationVector":"8SvbZpS1ou3hBR+QeYgHEg.2","action":"GetUpdates", "result":"DeleteReceived", "context":{"id":"b61165c6-39c7-4e89-b683-578a6c7d7717", "isDeleted:":"true", "version":"1717355641095"}}
{"logTime": "0602/191833", "correlationVector":"8SvbZpS1ou3hBR+QeYgHEg.3","action":"GetUpdates Response", "result":"Success", "context":Received 2 update(s). cV=8SvbZpS1ou3hBR+QeYgHEg.0;server=GENERAL01000008;cloudType=Consumer;environment=Prod_EastUS2_000e;migrationStage=NotStarted}
{"logTime": "0602/192036", "correlationVector":"SiLoaE+2vOOHORS4bFOs/h","action":"Commit Request", "result":"", "context":Item count: 1
Contributing types: Sessions}
{"logTime": "0602/192036", "correlationVector":"SiLoaE+2vOOHORS4bFOs/h.1","action":"SyncServerConnectionManagerRequest", "result":"SYNC_SERVER_OK", "context":{"environment":"Prod_EastUS2_000e", "migrationStage":"NotStarted", "server":"GENERAL0100000T"}}
{"logTime": "0602/192036", "correlationVector":"SiLoaE+2vOOHORS4bFOs/h.2","action":"Commit Response", "result":"Success", "context":Result: Success. cV=SiLoaE+2vOOHORS4bFOs/h.0;server=GENERAL0100000T;cloudType=Consumer;environment=Prod_EastUS2_000e;migrationStage=NotStarted}
{"logTime": "0602/192308", "correlationVector":"H9cU05Xiuw5sTHytg3PeBW","action":"Commit Request", "result":"", "context":Item count: 1
Contributing types: Sessions}
{"logTime": "0602/192309", "correlationVector":"H9cU05Xiuw5sTHytg3PeBW.1","action":"SyncServerConnectionManagerRequest", "result":"SYNC_SERVER_OK", "context":{"environment":"Prod_EastUS2_000e", "migrationStage":"NotStarted", "server":"GENERAL0100000M"}}
{"logTime": "0602/192309", "correlationVector":"H9cU05Xiuw5sTHytg3PeBW.2","action":"Commit Response", "result":"Success", "context":Result: Success. cV=H9cU05Xiuw5sTHytg3PeBW.0;server=GENERAL0100000M;cloudType=Consumer;environment=Prod_EastUS2_000e;migrationStage=NotStarted}
{"logTime": "0602/192505", "correlationVector":"J9WZulXC8GjtaKT+hNX20q.1","action":"SyncServerConnectionManagerRequest", "result":"SYNC_SERVER_OK", "context":{"environment":"Prod_EastUS2_000e", "migrationStage":"NotStarted", "server":"GENERAL01000019"}}
{"logTime": "0602/192505", "correlationVector":"J9WZulXC8GjtaKT+hNX20q","action":"Initial GetUpdates", "result":"", "context":Reason: NEW_CLIENT. cV=J9WZulXC8GjtaKT+hNX20q}
{"logTime": "0602/192505", "correlationVector":"J9WZulXC8GjtaKT+hNX20q.2","action":"GetUpdates Response", "result":"Success", "context":Received 1 update(s). cV=J9WZulXC8GjtaKT+hNX20q.0;server=GENERAL01000019;cloudType=Consumer;environment=Prod_EastUS2_000e;migrationStage=NotStarted}
{"logTime": "0602/192505", "correlationVector":"xv6BCKETHA1zBuCFmjn6nF","action":"Initial GetUpdates", "result":"", "context":Reason: NEWLY_SUPPORTED_DATATYPE. cV=xv6BCKETHA1zBuCFmjn6nF}
{"logTime": "0602/192505", "correlationVector":"xv6BCKETHA1zBuCFmjn6nF.1","action":"SyncServerConnectionManagerRequest", "result":"SYNC_SERVER_OK", "context":{"environment":"Prod_EastUS2_000e", "migrationStage":"NotStarted", "server":"GENERAL0100002P"}}
{"logTime": "0602/192505", "correlationVector":"xv6BCKETHA1zBuCFmjn6nF.2","action":"GetUpdates Response", "result":"Success", "context":Received 10 update(s). cV=xv6BCKETHA1zBuCFmjn6nF.0;server=GENERAL0100002P;cloudType=Consumer;environment=Prod_EastUS2_000e;migrationStage=NotStarted}
{"logTime": "0602/192505", "correlationVector":"0+0rQdHlahMbXNfwF8i7jE","action":"SyncServerConnectionManagerRequest", "result":"SYNC_SERVER_OK", "context":{"environment":"", "migrationStage":"", "server":""}}
{"logTime": "0602/192505", "correlationVector":"KMx2MGFJOrKrwDTMsj4nDG","action":"Initial GetUpdates", "result":"", "context":Reason: NEWLY_SUPPORTED_DATATYPE. cV=KMx2MGFJOrKrwDTMsj4nDG}
{"logTime": "0602/192505", "correlationVector":"KMx2MGFJOrKrwDTMsj4nDG.1","action":"SyncServerConnectionManagerRequest", "result":"SYNC_SERVER_OK", "context":{"environment":"Prod_EastUS2_000e", "migrationStage":"NotStarted", "server":"GENERAL0100000A"}}
{"logTime": "0602/192505", "correlationVector":"KMx2MGFJOrKrwDTMsj4nDG.2","action":"GetUpdates Response", "result":"Success", "context":Received 0 update(s). cV=KMx2MGFJOrKrwDTMsj4nDG.0;server=GENERAL0100000A;cloudType=Consumer;environment=Prod_EastUS2_000e;migrationStage=NotStarted}
{"logTime": "0602/192505", "correlationVector":"MdeZ4lycHbtcmHN9KWqjnl","action":"Normal GetUpdate request", "result":"", "context":cV=MdeZ4lycHbtcmHN9KWqjnl
Nudged types: Sessions
Refresh requested types: Bookmarks, Preferences, Passwords, Autofill Profiles, Autofill, Typed URLs, Extensions, Sessions, Extension settings, History Delete Directives, Device Info, User Consents, Send Tab To Self, Web Apps, Collection, Edge E Drop, Edge Hub App Usage, Edge Tab Group, Edge Wallet, Encryption Keys}
{"logTime": "0602/192505", "correlationVector":"MdeZ4lycHbtcmHN9KWqjnl.1","action":"SyncServerConnectionManagerRequest", "result":"SYNC_SERVER_OK", "context":{"environment":"Prod_EastUS2_000e", "migrationStage":"NotStarted", "server":"GENERAL0100000K"}}
{"logTime": "0602/192505", "correlationVector":"MdeZ4lycHbtcmHN9KWqjnl.2","action":"GetUpdates Response", "result":"Success", "context":Received 1 update(s). cV=MdeZ4lycHbtcmHN9KWqjnl.0;server=GENERAL0100000K;cloudType=Consumer;environment=Prod_EastUS2_000e;migrationStage=NotStarted}
{"logTime": "0602/192505", "correlationVector":"buh0aACjHPprIJc6YStwOL","action":"Commit Request", "result":"", "context":Item count: 3
Contributing types: Sessions}
{"logTime": "0602/192505", "correlationVector":"buh0aACjHPprIJc6YStwOL.1","action":"SyncServerConnectionManagerRequest", "result":"SYNC_SERVER_OK", "context":{"environment":"Prod_EastUS2_000e", "migrationStage":"NotStarted", "server":"GENERAL0100000A"}}
{"logTime": "0602/192505", "correlationVector":"buh0aACjHPprIJc6YStwOL.2","action":"Commit Response", "result":"Success", "context":Result: Success. cV=buh0aACjHPprIJc6YStwOL.0;server=GENERAL0100000A;cloudType=Consumer;environment=Prod_EastUS2_000e;migrationStage=NotStarted}
{"logTime": "0602/192528", "correlationVector":"EgCSOKIFkQuPv1n0VnW0P9","action":"Normal GetUpdate request", "result":"", "context":cV=EgCSOKIFkQuPv1n0VnW0P9
Nudged types: Sessions}
{"logTime": "0602/192529", "correlationVector":"EgCSOKIFkQuPv1n0VnW0P9.1","action":"SyncServerConnectionManagerRequest", "result":"SYNC_SERVER_OK", "context":{"environment":"Prod_EastUS2_000e", "migrationStage":"NotStarted", "server":"GENERAL0100002P"}}
{"logTime": "0602/192529", "correlationVector":"EgCSOKIFkQuPv1n0VnW0P9.2","action":"GetUpdates Response", "result":"Success", "context":Received 3 update(s). cV=EgCSOKIFkQuPv1n0VnW0P9.0;server=GENERAL0100002P;cloudType=Consumer;environment=Prod_EastUS2_000e;migrationStage=NotStarted}
{"logTime": "0602/192529", "correlationVector":"kTbjsvi87K/PQisDh/mZw5","action":"Commit Request", "result":"", "context":Item count: 2
Contributing types: Sessions}
{"logTime": "0602/192529", "correlationVector":"kTbjsvi87K/PQisDh/mZw5.1","action":"SyncServerConnectionManagerRequest", "result":"SYNC_SERVER_OK", "context":{"environment":"Prod_EastUS2_000e", "migrationStage":"NotStarted", "server":"GENERAL0100000H"}}
{"logTime": "0602/192529", "correlationVector":"kTbjsvi87K/PQisDh/mZw5.2","action":"Commit Response", "result":"Success", "context":Result: Success. cV=kTbjsvi87K/PQisDh/mZw5.0;server=GENERAL0100000H;cloudType=Consumer;environment=Prod_EastUS2_000e;migrationStage=NotStarted}
{"logTime": "0602/192529", "correlationVector":"kTbjsvi87K/PQisDh/mZw5.3","action":"Commit.Sessions", "result":"Success", "context":{"id":"0bcad7eb-6106-40a4-b535-a2f271900b29", "isDeleted":"true", "size":"0", "version":"1717356295459"}}
{"logTime": "0602/192559", "correlationVector":"X+ajq41gtY/TxwDodnonit","action":"Commit Request", "result":"", "context":Item count: 1
Contributing types: Sessions}
{"logTime": "0602/192600", "correlationVector":"X+ajq41gtY/TxwDodnonit.1","action":"SyncServerConnectionManagerRequest", "result":"SYNC_SERVER_OK", "context":{"environment":"Prod_EastUS2_000e", "migrationStage":"NotStarted", "server":"GENERAL0100000T"}}
{"logTime": "0602/192600", "correlationVector":"X+ajq41gtY/TxwDodnonit.2","action":"Commit Response", "result":"Success", "context":Result: Success. cV=X+ajq41gtY/TxwDodnonit.0;server=GENERAL0100000T;cloudType=Consumer;environment=Prod_EastUS2_000e;migrationStage=NotStarted}
